[0.949s] Invoking command in '/home/aaron/Desktop/Vision-For-Robots_src/det_loc': CONDA_PROMPT_MODIFIER=(ros2_py) PYTHONPATH=/home/aaron/Desktop/Vision-For-Robots_src/det_loc/build/det_loc/prefix_override:/home/aaron/miniconda3/envs/ros2_py/lib/python3.10/site-packages/colcon_core/task/python/colcon_distutils_commands:/home/aaron/Desktop/Vision-For-Robots_src/det_loc/install/det_loc/lib/python3.10/site-packages:${PYTHONPATH} /home/aaron/miniconda3/envs/ros2_py/bin/python -W ignore:setup.py install is deprecated -W ignore:easy_install command is deprecated setup.py egg_info --egg-base build/det_loc build --build-base /home/aaron/Desktop/Vision-For-Robots_src/det_loc/build/det_loc/build install --record /home/aaron/Desktop/Vision-For-Robots_src/det_loc/build/det_loc/install.log --single-version-externally-managed install_data
[1.265s] running egg_info
[1.283s] writing build/det_loc/det_loc.egg-info/PKG-INFO
[1.284s] writing dependency_links to build/det_loc/det_loc.egg-info/dependency_links.txt
[1.284s] writing entry points to build/det_loc/det_loc.egg-info/entry_points.txt
[1.285s] writing requirements to build/det_loc/det_loc.egg-info/requires.txt
[1.285s] writing top-level names to build/det_loc/det_loc.egg-info/top_level.txt
[1.324s] reading manifest file 'build/det_loc/det_loc.egg-info/SOURCES.txt'
[1.326s] writing manifest file 'build/det_loc/det_loc.egg-info/SOURCES.txt'
[1.327s] running build
[1.327s] running build_py
[1.327s] copying det_loc/localize.py -> /home/aaron/Desktop/Vision-For-Robots_src/det_loc/build/det_loc/build/lib/det_loc
[1.327s] copying det_loc/manual_subcriber.py -> /home/aaron/Desktop/Vision-For-Robots_src/det_loc/build/det_loc/build/lib/det_loc
[1.328s] copying det_loc/visualize_debug.py -> /home/aaron/Desktop/Vision-For-Robots_src/det_loc/build/det_loc/build/lib/det_loc
[1.328s] copying det_loc/localization_subscriber.py -> /home/aaron/Desktop/Vision-For-Robots_src/det_loc/build/det_loc/build/lib/det_loc
[1.328s] copying det_loc/triangulation_test.py -> /home/aaron/Desktop/Vision-For-Robots_src/det_loc/build/det_loc/build/lib/det_loc
[1.328s] copying det_loc/__init__.py -> /home/aaron/Desktop/Vision-For-Robots_src/det_loc/build/det_loc/build/lib/det_loc
[1.329s] copying det_loc/detection_subscriber.py -> /home/aaron/Desktop/Vision-For-Robots_src/det_loc/build/det_loc/build/lib/det_loc
[1.329s] copying det_loc/rec_images.py -> /home/aaron/Desktop/Vision-For-Robots_src/det_loc/build/det_loc/build/lib/det_loc
[1.329s] running install
[1.335s] running install_lib
[1.354s] copying /home/aaron/Desktop/Vision-For-Robots_src/det_loc/build/det_loc/build/lib/det_loc/localization_subscriber.py -> /home/aaron/Desktop/Vision-For-Robots_src/det_loc/install/det_loc/lib/python3.10/site-packages/det_loc
[1.355s] byte-compiling /home/aaron/Desktop/Vision-For-Robots_src/det_loc/install/det_loc/lib/python3.10/site-packages/det_loc/localization_subscriber.py to localization_subscriber.cpython-310.pyc
[1.358s] running install_data
[1.359s] copying resource/det_loc -> /home/aaron/Desktop/Vision-For-Robots_src/det_loc/install/det_loc/share/ament_index/resource_index/packages
[1.360s] copying package.xml -> /home/aaron/Desktop/Vision-For-Robots_src/det_loc/install/det_loc/share/det_loc
[1.360s] running install_egg_info
[1.380s] removing '/home/aaron/Desktop/Vision-For-Robots_src/det_loc/install/det_loc/lib/python3.10/site-packages/det_loc-0.0.0-py3.10.egg-info' (and everything under it)
[1.380s] Copying build/det_loc/det_loc.egg-info to /home/aaron/Desktop/Vision-For-Robots_src/det_loc/install/det_loc/lib/python3.10/site-packages/det_loc-0.0.0-py3.10.egg-info
[1.381s] running install_scripts
[1.513s] Installing detection_subscriber script to /home/aaron/Desktop/Vision-For-Robots_src/det_loc/install/det_loc/lib/det_loc
[1.513s] Installing localization_subscriber script to /home/aaron/Desktop/Vision-For-Robots_src/det_loc/install/det_loc/lib/det_loc
[1.513s] Installing rectify_images script to /home/aaron/Desktop/Vision-For-Robots_src/det_loc/install/det_loc/lib/det_loc
[1.514s] writing list of installed files to '/home/aaron/Desktop/Vision-For-Robots_src/det_loc/build/det_loc/install.log'
[1.580s] Invoked command in '/home/aaron/Desktop/Vision-For-Robots_src/det_loc' returned '0': CONDA_PROMPT_MODIFIER=(ros2_py) PYTHONPATH=/home/aaron/Desktop/Vision-For-Robots_src/det_loc/build/det_loc/prefix_override:/home/aaron/miniconda3/envs/ros2_py/lib/python3.10/site-packages/colcon_core/task/python/colcon_distutils_commands:/home/aaron/Desktop/Vision-For-Robots_src/det_loc/install/det_loc/lib/python3.10/site-packages:${PYTHONPATH} /home/aaron/miniconda3/envs/ros2_py/bin/python -W ignore:setup.py install is deprecated -W ignore:easy_install command is deprecated setup.py egg_info --egg-base build/det_loc build --build-base /home/aaron/Desktop/Vision-For-Robots_src/det_loc/build/det_loc/build install --record /home/aaron/Desktop/Vision-For-Robots_src/det_loc/build/det_loc/install.log --single-version-externally-managed install_data
