running egg_info
writing ../build/det_loc/det_loc.egg-info/PKG-INFO
writing dependency_links to ../build/det_loc/det_loc.egg-info/dependency_links.txt
writing entry points to ../build/det_loc/det_loc.egg-info/entry_points.txt
writing requirements to ../build/det_loc/det_loc.egg-info/requires.txt
writing top-level names to ../build/det_loc/det_loc.egg-info/top_level.txt
reading manifest file '../build/det_loc/det_loc.egg-info/SOURCES.txt'
writing manifest file '../build/det_loc/det_loc.egg-info/SOURCES.txt'
running build
running build_py
copying det_loc/localize.py -> /home/aaron/Desktop/Vision-For-Robots_src/build/det_loc/build/lib/det_loc
copying det_loc/manual_subcriber.py -> /home/aaron/Desktop/Vision-For-Robots_src/build/det_loc/build/lib/det_loc
copying det_loc/visualize_debug.py -> /home/aaron/Desktop/Vision-For-Robots_src/build/det_loc/build/lib/det_loc
copying det_loc/localization_subscriber.py -> /home/aaron/Desktop/Vision-For-Robots_src/build/det_loc/build/lib/det_loc
copying det_loc/triangulation_test.py -> /home/aaron/Desktop/Vision-For-Robots_src/build/det_loc/build/lib/det_loc
copying det_loc/__init__.py -> /home/aaron/Desktop/Vision-For-Robots_src/build/det_loc/build/lib/det_loc
copying det_loc/detection_subscriber.py -> /home/aaron/Desktop/Vision-For-Robots_src/build/det_loc/build/lib/det_loc
copying det_loc/rec_images.py -> /home/aaron/Desktop/Vision-For-Robots_src/build/det_loc/build/lib/det_loc
running install
running install_lib
running install_data
copying resource/det_loc -> /home/aaron/Desktop/Vision-For-Robots_src/install/det_loc/share/ament_index/resource_index/packages
copying package.xml -> /home/aaron/Desktop/Vision-For-Robots_src/install/det_loc/share/det_loc
running install_egg_info
removing '/home/aaron/Desktop/Vision-For-Robots_src/install/det_loc/lib/python3.10/site-packages/det_loc-0.0.0-py3.10.egg-info' (and everything under it)
Copying ../build/det_loc/det_loc.egg-info to /home/aaron/Desktop/Vision-For-Robots_src/install/det_loc/lib/python3.10/site-packages/det_loc-0.0.0-py3.10.egg-info
running install_scripts
Installing detection_subscriber script to /home/aaron/Desktop/Vision-For-Robots_src/install/det_loc/lib/det_loc
Installing localization_subscriber script to /home/aaron/Desktop/Vision-For-Robots_src/install/det_loc/lib/det_loc
Installing rectify_images script to /home/aaron/Desktop/Vision-For-Robots_src/install/det_loc/lib/det_loc
writing list of installed files to '/home/aaron/Desktop/Vision-For-Robots_src/build/det_loc/install.log'
