/home/aaron/Desktop/Vision-For-Robots_src/det_loc/install/det_loc/lib/python3.10/site-packages/det_loc/localization_subscriber.py
/home/aaron/Desktop/Vision-For-Robots_src/det_loc/install/det_loc/lib/python3.10/site-packages/det_loc/__init__.py
/home/aaron/Desktop/Vision-For-Robots_src/det_loc/install/det_loc/lib/python3.10/site-packages/det_loc/detection_subscriber.py
/home/aaron/Desktop/Vision-For-Robots_src/det_loc/install/det_loc/lib/python3.10/site-packages/det_loc/det_loc_subscriber.py
/home/aaron/Desktop/Vision-For-Robots_src/det_loc/install/det_loc/lib/python3.10/site-packages/det_loc/utils/camera_panning_utils.py
/home/aaron/Desktop/Vision-For-Robots_src/det_loc/install/det_loc/lib/python3.10/site-packages/det_loc/utils/__init__.py
/home/aaron/Desktop/Vision-For-Robots_src/det_loc/install/det_loc/lib/python3.10/site-packages/det_loc/utils/rover_detection.py
/home/aaron/Desktop/Vision-For-Robots_src/det_loc/install/det_loc/lib/python3.10/site-packages/det_loc/utils/camera_calibration_utils.py
/home/aaron/Desktop/Vision-For-Robots_src/det_loc/install/det_loc/lib/python3.10/site-packages/det_loc/utils/localization_utils.py
/home/aaron/Desktop/Vision-For-Robots_src/det_loc/install/det_loc/lib/python3.10/site-packages/det_loc/utils/marker_detection_utils.py
/home/aaron/Desktop/Vision-For-Robots_src/det_loc/install/det_loc/lib/python3.10/site-packages/det_loc/__pycache__/localization_subscriber.cpython-310.pyc
/home/aaron/Desktop/Vision-For-Robots_src/det_loc/install/det_loc/lib/python3.10/site-packages/det_loc/__pycache__/__init__.cpython-310.pyc
/home/aaron/Desktop/Vision-For-Robots_src/det_loc/install/det_loc/lib/python3.10/site-packages/det_loc/__pycache__/detection_subscriber.cpython-310.pyc
/home/aaron/Desktop/Vision-For-Robots_src/det_loc/install/det_loc/lib/python3.10/site-packages/det_loc/__pycache__/det_loc_subscriber.cpython-310.pyc
/home/aaron/Desktop/Vision-For-Robots_src/det_loc/install/det_loc/lib/python3.10/site-packages/det_loc/utils/__pycache__/camera_panning_utils.cpython-310.pyc
/home/aaron/Desktop/Vision-For-Robots_src/det_loc/install/det_loc/lib/python3.10/site-packages/det_loc/utils/__pycache__/__init__.cpython-310.pyc
/home/aaron/Desktop/Vision-For-Robots_src/det_loc/install/det_loc/lib/python3.10/site-packages/det_loc/utils/__pycache__/rover_detection.cpython-310.pyc
/home/aaron/Desktop/Vision-For-Robots_src/det_loc/install/det_loc/lib/python3.10/site-packages/det_loc/utils/__pycache__/camera_calibration_utils.cpython-310.pyc
/home/aaron/Desktop/Vision-For-Robots_src/det_loc/install/det_loc/lib/python3.10/site-packages/det_loc/utils/__pycache__/localization_utils.cpython-310.pyc
/home/aaron/Desktop/Vision-For-Robots_src/det_loc/install/det_loc/lib/python3.10/site-packages/det_loc/utils/__pycache__/marker_detection_utils.cpython-310.pyc
/home/aaron/Desktop/Vision-For-Robots_src/det_loc/install/det_loc/share/ament_index/resource_index/packages/det_loc
/home/aaron/Desktop/Vision-For-Robots_src/det_loc/install/det_loc/share/det_loc/package.xml
/home/aaron/Desktop/Vision-For-Robots_src/det_loc/install/det_loc/lib/python3.10/site-packages/det_loc-0.0.0-py3.10.egg-info/PKG-INFO
/home/aaron/Desktop/Vision-For-Robots_src/det_loc/install/det_loc/lib/python3.10/site-packages/det_loc-0.0.0-py3.10.egg-info/top_level.txt
/home/aaron/Desktop/Vision-For-Robots_src/det_loc/install/det_loc/lib/python3.10/site-packages/det_loc-0.0.0-py3.10.egg-info/requires.txt
/home/aaron/Desktop/Vision-For-Robots_src/det_loc/install/det_loc/lib/python3.10/site-packages/det_loc-0.0.0-py3.10.egg-info/dependency_links.txt
/home/aaron/Desktop/Vision-For-Robots_src/det_loc/install/det_loc/lib/python3.10/site-packages/det_loc-0.0.0-py3.10.egg-info/SOURCES.txt
/home/aaron/Desktop/Vision-For-Robots_src/det_loc/install/det_loc/lib/python3.10/site-packages/det_loc-0.0.0-py3.10.egg-info/zip-safe
/home/aaron/Desktop/Vision-For-Robots_src/det_loc/install/det_loc/lib/python3.10/site-packages/det_loc-0.0.0-py3.10.egg-info/entry_points.txt
/home/aaron/Desktop/Vision-For-Robots_src/det_loc/install/det_loc/lib/det_loc/det_loc_subscriber
/home/aaron/Desktop/Vision-For-Robots_src/det_loc/install/det_loc/lib/det_loc/detection_subscriber
/home/aaron/Desktop/Vision-For-Robots_src/det_loc/install/det_loc/lib/det_loc/localization_subscriber
/home/aaron/Desktop/Vision-For-Robots_src/det_loc/install/det_loc/lib/det_loc/rectify_images
