running egg_info
creating ../build/det_loc/det_loc.egg-info
writing ../build/det_loc/det_loc.egg-info/PKG-INFO
writing dependency_links to ../build/det_loc/det_loc.egg-info/dependency_links.txt
writing entry points to ../build/det_loc/det_loc.egg-info/entry_points.txt
writing requirements to ../build/det_loc/det_loc.egg-info/requires.txt
writing top-level names to ../build/det_loc/det_loc.egg-info/top_level.txt
writing manifest file '../build/det_loc/det_loc.egg-info/SOURCES.txt'
reading manifest file '../build/det_loc/det_loc.egg-info/SOURCES.txt'
writing manifest file '../build/det_loc/det_loc.egg-info/SOURCES.txt'
running build
running build_py
creating /home/aaron/Desktop/Vision-For-Robots_src/build/det_loc/build/lib/det_loc
copying det_loc/localize.py -> /home/aaron/Desktop/Vision-For-Robots_src/build/det_loc/build/lib/det_loc
copying det_loc/manual_subcriber.py -> /home/aaron/Desktop/Vision-For-Robots_src/build/det_loc/build/lib/det_loc
copying det_loc/visualize_debug.py -> /home/aaron/Desktop/Vision-For-Robots_src/build/det_loc/build/lib/det_loc
copying det_loc/localization_subscriber.py -> /home/aaron/Desktop/Vision-For-Robots_src/build/det_loc/build/lib/det_loc
copying det_loc/triangulation_test.py -> /home/aaron/Desktop/Vision-For-Robots_src/build/det_loc/build/lib/det_loc
copying det_loc/__init__.py -> /home/aaron/Desktop/Vision-For-Robots_src/build/det_loc/build/lib/det_loc
copying det_loc/detection_subscriber.py -> /home/aaron/Desktop/Vision-For-Robots_src/build/det_loc/build/lib/det_loc
copying det_loc/rec_images.py -> /home/aaron/Desktop/Vision-For-Robots_src/build/det_loc/build/lib/det_loc
running install
running install_lib
creating /home/aaron/Desktop/Vision-For-Robots_src/install/det_loc/lib/python3.10/site-packages/det_loc
copying /home/aaron/Desktop/Vision-For-Robots_src/build/det_loc/build/lib/det_loc/localize.py -> /home/aaron/Desktop/Vision-For-Robots_src/install/det_loc/lib/python3.10/site-packages/det_loc
copying /home/aaron/Desktop/Vision-For-Robots_src/build/det_loc/build/lib/det_loc/manual_subcriber.py -> /home/aaron/Desktop/Vision-For-Robots_src/install/det_loc/lib/python3.10/site-packages/det_loc
copying /home/aaron/Desktop/Vision-For-Robots_src/build/det_loc/build/lib/det_loc/visualize_debug.py -> /home/aaron/Desktop/Vision-For-Robots_src/install/det_loc/lib/python3.10/site-packages/det_loc
copying /home/aaron/Desktop/Vision-For-Robots_src/build/det_loc/build/lib/det_loc/localization_subscriber.py -> /home/aaron/Desktop/Vision-For-Robots_src/install/det_loc/lib/python3.10/site-packages/det_loc
copying /home/aaron/Desktop/Vision-For-Robots_src/build/det_loc/build/lib/det_loc/triangulation_test.py -> /home/aaron/Desktop/Vision-For-Robots_src/install/det_loc/lib/python3.10/site-packages/det_loc
copying /home/aaron/Desktop/Vision-For-Robots_src/build/det_loc/build/lib/det_loc/__init__.py -> /home/aaron/Desktop/Vision-For-Robots_src/install/det_loc/lib/python3.10/site-packages/det_loc
copying /home/aaron/Desktop/Vision-For-Robots_src/build/det_loc/build/lib/det_loc/detection_subscriber.py -> /home/aaron/Desktop/Vision-For-Robots_src/install/det_loc/lib/python3.10/site-packages/det_loc
copying /home/aaron/Desktop/Vision-For-Robots_src/build/det_loc/build/lib/det_loc/rec_images.py -> /home/aaron/Desktop/Vision-For-Robots_src/install/det_loc/lib/python3.10/site-packages/det_loc
byte-compiling /home/aaron/Desktop/Vision-For-Robots_src/install/det_loc/lib/python3.10/site-packages/det_loc/localize.py to localize.cpython-310.pyc
byte-compiling /home/aaron/Desktop/Vision-For-Robots_src/install/det_loc/lib/python3.10/site-packages/det_loc/manual_subcriber.py to manual_subcriber.cpython-310.pyc
byte-compiling /home/aaron/Desktop/Vision-For-Robots_src/install/det_loc/lib/python3.10/site-packages/det_loc/visualize_debug.py to visualize_debug.cpython-310.pyc
byte-compiling /home/aaron/Desktop/Vision-For-Robots_src/install/det_loc/lib/python3.10/site-packages/det_loc/localization_subscriber.py to localization_subscriber.cpython-310.pyc
byte-compiling /home/aaron/Desktop/Vision-For-Robots_src/install/det_loc/lib/python3.10/site-packages/det_loc/triangulation_test.py to triangulation_test.cpython-310.pyc
byte-compiling /home/aaron/Desktop/Vision-For-Robots_src/install/det_loc/lib/python3.10/site-packages/det_loc/__init__.py to __init__.cpython-310.pyc
byte-compiling /home/aaron/Desktop/Vision-For-Robots_src/install/det_loc/lib/python3.10/site-packages/det_loc/detection_subscriber.py to detection_subscriber.cpython-310.pyc
byte-compiling /home/aaron/Desktop/Vision-For-Robots_src/install/det_loc/lib/python3.10/site-packages/det_loc/rec_images.py to rec_images.cpython-310.pyc
running install_data
creating /home/aaron/Desktop/Vision-For-Robots_src/install/det_loc/share/ament_index/resource_index/packages
copying resource/det_loc -> /home/aaron/Desktop/Vision-For-Robots_src/install/det_loc/share/ament_index/resource_index/packages
copying package.xml -> /home/aaron/Desktop/Vision-For-Robots_src/install/det_loc/share/det_loc
running install_egg_info
Copying ../build/det_loc/det_loc.egg-info to /home/aaron/Desktop/Vision-For-Robots_src/install/det_loc/lib/python3.10/site-packages/det_loc-0.0.0-py3.10.egg-info
running install_scripts
Installing detection_subscriber script to /home/aaron/Desktop/Vision-For-Robots_src/install/det_loc/lib/det_loc
Installing localization_subscriber script to /home/aaron/Desktop/Vision-For-Robots_src/install/det_loc/lib/det_loc
Installing rectify_images script to /home/aaron/Desktop/Vision-For-Robots_src/install/det_loc/lib/det_loc
writing list of installed files to '/home/aaron/Desktop/Vision-For-Robots_src/build/det_loc/install.log'
