[1.268s] Invoking command in '/home/aaron/Desktop/Vision-For-Robots_src/det_loc': CONDA_PROMPT_MODIFIER=(ros2_py) PYTHONPATH=/home/aaron/Desktop/Vision-For-Robots_src/build/det_loc/prefix_override:/home/aaron/miniconda3/envs/ros2_py/lib/python3.10/site-packages/colcon_core/task/python/colcon_distutils_commands:/home/aaron/Desktop/Vision-For-Robots_src/install/det_loc/lib/python3.10/site-packages:${PYTHONPATH} /home/aaron/miniconda3/envs/ros2_py/bin/python -W ignore:setup.py install is deprecated -W ignore:easy_install command is deprecated setup.py egg_info --egg-base ../build/det_loc build --build-base /home/aaron/Desktop/Vision-For-Robots_src/build/det_loc/build install --record /home/aaron/Desktop/Vision-For-Robots_src/build/det_loc/install.log --single-version-externally-managed install_data
[1.574s] running egg_info
[1.592s] creating ../build/det_loc/det_loc.egg-info
[1.592s] writing ../build/det_loc/det_loc.egg-info/PKG-INFO
[1.593s] writing dependency_links to ../build/det_loc/det_loc.egg-info/dependency_links.txt
[1.593s] writing entry points to ../build/det_loc/det_loc.egg-info/entry_points.txt
[1.593s] writing requirements to ../build/det_loc/det_loc.egg-info/requires.txt
[1.593s] writing top-level names to ../build/det_loc/det_loc.egg-info/top_level.txt
[1.594s] writing manifest file '../build/det_loc/det_loc.egg-info/SOURCES.txt'
[1.632s] reading manifest file '../build/det_loc/det_loc.egg-info/SOURCES.txt'
[1.634s] writing manifest file '../build/det_loc/det_loc.egg-info/SOURCES.txt'
[1.634s] running build
[1.634s] running build_py
[1.634s] creating /home/aaron/Desktop/Vision-For-Robots_src/build/det_loc/build/lib/det_loc
[1.634s] copying det_loc/localize.py -> /home/aaron/Desktop/Vision-For-Robots_src/build/det_loc/build/lib/det_loc
[1.635s] copying det_loc/manual_subcriber.py -> /home/aaron/Desktop/Vision-For-Robots_src/build/det_loc/build/lib/det_loc
[1.635s] copying det_loc/visualize_debug.py -> /home/aaron/Desktop/Vision-For-Robots_src/build/det_loc/build/lib/det_loc
[1.635s] copying det_loc/localization_subscriber.py -> /home/aaron/Desktop/Vision-For-Robots_src/build/det_loc/build/lib/det_loc
[1.635s] copying det_loc/triangulation_test.py -> /home/aaron/Desktop/Vision-For-Robots_src/build/det_loc/build/lib/det_loc
[1.635s] copying det_loc/__init__.py -> /home/aaron/Desktop/Vision-For-Robots_src/build/det_loc/build/lib/det_loc
[1.635s] copying det_loc/detection_subscriber.py -> /home/aaron/Desktop/Vision-For-Robots_src/build/det_loc/build/lib/det_loc
[1.636s] copying det_loc/rec_images.py -> /home/aaron/Desktop/Vision-For-Robots_src/build/det_loc/build/lib/det_loc
[1.636s] running install
[1.642s] running install_lib
[1.660s] creating /home/aaron/Desktop/Vision-For-Robots_src/install/det_loc/lib/python3.10/site-packages/det_loc
[1.660s] copying /home/aaron/Desktop/Vision-For-Robots_src/build/det_loc/build/lib/det_loc/localize.py -> /home/aaron/Desktop/Vision-For-Robots_src/install/det_loc/lib/python3.10/site-packages/det_loc
[1.661s] copying /home/aaron/Desktop/Vision-For-Robots_src/build/det_loc/build/lib/det_loc/manual_subcriber.py -> /home/aaron/Desktop/Vision-For-Robots_src/install/det_loc/lib/python3.10/site-packages/det_loc
[1.661s] copying /home/aaron/Desktop/Vision-For-Robots_src/build/det_loc/build/lib/det_loc/visualize_debug.py -> /home/aaron/Desktop/Vision-For-Robots_src/install/det_loc/lib/python3.10/site-packages/det_loc
[1.661s] copying /home/aaron/Desktop/Vision-For-Robots_src/build/det_loc/build/lib/det_loc/localization_subscriber.py -> /home/aaron/Desktop/Vision-For-Robots_src/install/det_loc/lib/python3.10/site-packages/det_loc
[1.661s] copying /home/aaron/Desktop/Vision-For-Robots_src/build/det_loc/build/lib/det_loc/triangulation_test.py -> /home/aaron/Desktop/Vision-For-Robots_src/install/det_loc/lib/python3.10/site-packages/det_loc
[1.661s] copying /home/aaron/Desktop/Vision-For-Robots_src/build/det_loc/build/lib/det_loc/__init__.py -> /home/aaron/Desktop/Vision-For-Robots_src/install/det_loc/lib/python3.10/site-packages/det_loc
[1.662s] copying /home/aaron/Desktop/Vision-For-Robots_src/build/det_loc/build/lib/det_loc/detection_subscriber.py -> /home/aaron/Desktop/Vision-For-Robots_src/install/det_loc/lib/python3.10/site-packages/det_loc
[1.662s] copying /home/aaron/Desktop/Vision-For-Robots_src/build/det_loc/build/lib/det_loc/rec_images.py -> /home/aaron/Desktop/Vision-For-Robots_src/install/det_loc/lib/python3.10/site-packages/det_loc
[1.662s] byte-compiling /home/aaron/Desktop/Vision-For-Robots_src/install/det_loc/lib/python3.10/site-packages/det_loc/localize.py to localize.cpython-310.pyc
[1.663s] byte-compiling /home/aaron/Desktop/Vision-For-Robots_src/install/det_loc/lib/python3.10/site-packages/det_loc/manual_subcriber.py to manual_subcriber.cpython-310.pyc
[1.667s] byte-compiling /home/aaron/Desktop/Vision-For-Robots_src/install/det_loc/lib/python3.10/site-packages/det_loc/visualize_debug.py to visualize_debug.cpython-310.pyc
[1.668s] byte-compiling /home/aaron/Desktop/Vision-For-Robots_src/install/det_loc/lib/python3.10/site-packages/det_loc/localization_subscriber.py to localization_subscriber.cpython-310.pyc
[1.671s] byte-compiling /home/aaron/Desktop/Vision-For-Robots_src/install/det_loc/lib/python3.10/site-packages/det_loc/triangulation_test.py to triangulation_test.cpython-310.pyc
[1.672s] byte-compiling /home/aaron/Desktop/Vision-For-Robots_src/install/det_loc/lib/python3.10/site-packages/det_loc/__init__.py to __init__.cpython-310.pyc
[1.672s] byte-compiling /home/aaron/Desktop/Vision-For-Robots_src/install/det_loc/lib/python3.10/site-packages/det_loc/detection_subscriber.py to detection_subscriber.cpython-310.pyc
[1.674s] byte-compiling /home/aaron/Desktop/Vision-For-Robots_src/install/det_loc/lib/python3.10/site-packages/det_loc/rec_images.py to rec_images.cpython-310.pyc
[1.675s] running install_data
[1.675s] creating /home/aaron/Desktop/Vision-For-Robots_src/install/det_loc/share/ament_index/resource_index/packages
[1.675s] copying resource/det_loc -> /home/aaron/Desktop/Vision-For-Robots_src/install/det_loc/share/ament_index/resource_index/packages
[1.676s] copying package.xml -> /home/aaron/Desktop/Vision-For-Robots_src/install/det_loc/share/det_loc
[1.676s] running install_egg_info
[1.696s] Copying ../build/det_loc/det_loc.egg-info to /home/aaron/Desktop/Vision-For-Robots_src/install/det_loc/lib/python3.10/site-packages/det_loc-0.0.0-py3.10.egg-info
[1.697s] running install_scripts
[1.827s] Installing detection_subscriber script to /home/aaron/Desktop/Vision-For-Robots_src/install/det_loc/lib/det_loc
[1.827s] Installing localization_subscriber script to /home/aaron/Desktop/Vision-For-Robots_src/install/det_loc/lib/det_loc
[1.827s] Installing rectify_images script to /home/aaron/Desktop/Vision-For-Robots_src/install/det_loc/lib/det_loc
[1.827s] writing list of installed files to '/home/aaron/Desktop/Vision-For-Robots_src/build/det_loc/install.log'
[1.884s] Invoked command in '/home/aaron/Desktop/Vision-For-Robots_src/det_loc' returned '0': CONDA_PROMPT_MODIFIER=(ros2_py) PYTHONPATH=/home/aaron/Desktop/Vision-For-Robots_src/build/det_loc/prefix_override:/home/aaron/miniconda3/envs/ros2_py/lib/python3.10/site-packages/colcon_core/task/python/colcon_distutils_commands:/home/aaron/Desktop/Vision-For-Robots_src/install/det_loc/lib/python3.10/site-packages:${PYTHONPATH} /home/aaron/miniconda3/envs/ros2_py/bin/python -W ignore:setup.py install is deprecated -W ignore:easy_install command is deprecated setup.py egg_info --egg-base ../build/det_loc build --build-base /home/aaron/Desktop/Vision-For-Robots_src/build/det_loc/build install --record /home/aaron/Desktop/Vision-For-Robots_src/build/det_loc/install.log --single-version-externally-managed install_data
