[0.179s] DEBUG:colcon:Command line arguments: ['/home/aaron/miniconda3/envs/ros2_py/bin/colcon', 'build']
[0.180s] DEBUG:colcon:Parsed command line arguments: Namespace(log_base=None, log_level=None, verb_name='build', build_base='build', install_base='install', merge_install=False, symlink_install=False, test_result_base=None, continue_on_error=False, executor='parallel', parallel_workers=8, event_handlers=None, ignore_user_meta=False, metas=['./colcon.meta'], base_paths=['.'], packages_ignore=None, packages_ignore_regex=None, paths=None, packages_up_to=None, packages_up_to_regex=None, packages_above=None, packages_above_and_dependencies=None, packages_above_depth=None, packages_select_by_dep=None, packages_skip_by_dep=None, packages_skip_up_to=None, packages_select_build_failed=False, packages_skip_build_finished=False, packages_select_test_failures=False, packages_skip_test_passed=False, packages_select=None, packages_skip=None, packages_select_regex=None, packages_skip_regex=None, packages_start=None, packages_end=None, cmake_args=None, cmake_target=None, cmake_target_skip_unavailable=False, cmake_clean_cache=False, cmake_clean_first=False, cmake_force_configure=False, ament_cmake_args=None, catkin_cmake_args=None, catkin_skip_building_tests=False, verb_parser=<colcon_defaults.argument_parser.defaults.DefaultArgumentsDecorator object at 0x737b0365b460>, verb_extension=<colcon_core.verb.build.BuildVerb object at 0x737b0365af50>, main=<bound method BuildVerb.main of <colcon_core.verb.build.BuildVerb object at 0x737b0365af50>>)
[0.232s] Level 1:colcon.colcon_core.package_discovery:discover_packages(colcon_meta) check parameters
[0.232s] Level 1:colcon.colcon_core.package_discovery:discover_packages(recursive) check parameters
[0.232s] Level 1:colcon.colcon_core.package_discovery:discover_packages(ignore) check parameters
[0.232s] Level 1:colcon.colcon_core.package_discovery:discover_packages(path) check parameters
[0.232s] Level 1:colcon.colcon_core.package_discovery:discover_packages(colcon_meta) discover
[0.232s] Level 1:colcon.colcon_core.package_discovery:discover_packages(recursive) discover
[0.232s] INFO:colcon.colcon_core.package_discovery:Crawling recursively for packages in '/home/aaron/Desktop/Vision-For-Robots_src'
[0.232s] Level 1:colcon.colcon_core.package_identification:_identify(.) by extensions ['ignore', 'ignore_ament_install']
[0.232s] Level 1:colcon.colcon_core.package_identification:_identify(.) by extension 'ignore'
[0.233s] Level 1:colcon.colcon_core.package_identification:_identify(.) by extension 'ignore_ament_install'
[0.233s] Level 1:colcon.colcon_core.package_identification:_identify(.) by extensions ['colcon_pkg']
[0.233s] Level 1:colcon.colcon_core.package_identification:_identify(.) by extension 'colcon_pkg'
[0.233s] Level 1:colcon.colcon_core.package_identification:_identify(.) by extensions ['colcon_meta']
[0.233s] Level 1:colcon.colcon_core.package_identification:_identify(.) by extension 'colcon_meta'
[0.233s] Level 1:colcon.colcon_core.package_identification:_identify(.) by extensions ['ros']
[0.233s] Level 1:colcon.colcon_core.package_identification:_identify(.) by extension 'ros'
[0.270s] Level 1:colcon.colcon_core.package_identification:_identify(.) by extensions ['cmake', 'python']
[0.270s] Level 1:colcon.colcon_core.package_identification:_identify(.) by extension 'cmake'
[0.270s] Level 1:colcon.colcon_core.package_identification:_identify(.) by extension 'python'
[0.270s] Level 1:colcon.colcon_core.package_identification:_identify(.) by extensions ['python_setup_py']
[0.270s] Level 1:colcon.colcon_core.package_identification:_identify(.) by extension 'python_setup_py'
[0.270s] Level 1:colcon.colcon_core.package_identification:_identify(build) by extensions ['ignore', 'ignore_ament_install']
[0.271s] Level 1:colcon.colcon_core.package_identification:_identify(build) by extension 'ignore'
[0.271s] Level 1:colcon.colcon_core.package_identification:_identify(build) ignored
[0.271s] Level 1:colcon.colcon_core.package_identification:_identify(cv_line_tools) by extensions ['ignore', 'ignore_ament_install']
[0.271s] Level 1:colcon.colcon_core.package_identification:_identify(cv_line_tools) by extension 'ignore'
[0.271s] Level 1:colcon.colcon_core.package_identification:_identify(cv_line_tools) by extension 'ignore_ament_install'
[0.271s] Level 1:colcon.colcon_core.package_identification:_identify(cv_line_tools) by extensions ['colcon_pkg']
[0.271s] Level 1:colcon.colcon_core.package_identification:_identify(cv_line_tools) by extension 'colcon_pkg'
[0.271s] Level 1:colcon.colcon_core.package_identification:_identify(cv_line_tools) by extensions ['colcon_meta']
[0.271s] Level 1:colcon.colcon_core.package_identification:_identify(cv_line_tools) by extension 'colcon_meta'
[0.271s] Level 1:colcon.colcon_core.package_identification:_identify(cv_line_tools) by extensions ['ros']
[0.271s] Level 1:colcon.colcon_core.package_identification:_identify(cv_line_tools) by extension 'ros'
[0.275s] DEBUG:colcon.colcon_core.package_identification:Package 'cv_line_tools' with type 'ros.ament_python' and name 'cv_line_tools'
[0.275s] Level 1:colcon.colcon_core.package_identification:_identify(det_loc) by extensions ['ignore', 'ignore_ament_install']
[0.275s] Level 1:colcon.colcon_core.package_identification:_identify(det_loc) by extension 'ignore'
[0.276s] Level 1:colcon.colcon_core.package_identification:_identify(det_loc) by extension 'ignore_ament_install'
[0.276s] Level 1:colcon.colcon_core.package_identification:_identify(det_loc) by extensions ['colcon_pkg']
[0.276s] Level 1:colcon.colcon_core.package_identification:_identify(det_loc) by extension 'colcon_pkg'
[0.276s] Level 1:colcon.colcon_core.package_identification:_identify(det_loc) by extensions ['colcon_meta']
[0.276s] Level 1:colcon.colcon_core.package_identification:_identify(det_loc) by extension 'colcon_meta'
[0.276s] Level 1:colcon.colcon_core.package_identification:_identify(det_loc) by extensions ['ros']
[0.276s] Level 1:colcon.colcon_core.package_identification:_identify(det_loc) by extension 'ros'
[0.277s] DEBUG:colcon.colcon_core.package_identification:Package 'det_loc' with type 'ros.ament_python' and name 'det_loc'
[0.277s] Level 1:colcon.colcon_core.package_identification:_identify(install) by extensions ['ignore', 'ignore_ament_install']
[0.277s] Level 1:colcon.colcon_core.package_identification:_identify(install) by extension 'ignore'
[0.278s] Level 1:colcon.colcon_core.package_identification:_identify(install) ignored
[0.278s] Level 1:colcon.colcon_core.package_identification:_identify(log) by extensions ['ignore', 'ignore_ament_install']
[0.278s] Level 1:colcon.colcon_core.package_identification:_identify(log) by extension 'ignore'
[0.278s] Level 1:colcon.colcon_core.package_identification:_identify(log) ignored
[0.278s] Level 1:colcon.colcon_core.package_discovery:discover_packages(recursive) using defaults
[0.278s] Level 1:colcon.colcon_core.package_discovery:discover_packages(ignore) discover
[0.278s] Level 1:colcon.colcon_core.package_discovery:discover_packages(ignore) using defaults
[0.278s] Level 1:colcon.colcon_core.package_discovery:discover_packages(path) discover
[0.278s] Level 1:colcon.colcon_core.package_discovery:discover_packages(path) using defaults
[0.306s] Level 5:colcon.colcon_core.verb:set package 'cv_line_tools' build argument 'cmake_args' from command line to 'None'
[0.306s] Level 5:colcon.colcon_core.verb:set package 'cv_line_tools' build argument 'cmake_target' from command line to 'None'
[0.306s] Level 5:colcon.colcon_core.verb:set package 'cv_line_tools' build argument 'cmake_target_skip_unavailable' from command line to 'False'
[0.306s] Level 5:colcon.colcon_core.verb:set package 'cv_line_tools' build argument 'cmake_clean_cache' from command line to 'False'
[0.306s] Level 5:colcon.colcon_core.verb:set package 'cv_line_tools' build argument 'cmake_clean_first' from command line to 'False'
[0.306s] Level 5:colcon.colcon_core.verb:set package 'cv_line_tools' build argument 'cmake_force_configure' from command line to 'False'
[0.306s] Level 5:colcon.colcon_core.verb:set package 'cv_line_tools' build argument 'ament_cmake_args' from command line to 'None'
[0.306s] Level 5:colcon.colcon_core.verb:set package 'cv_line_tools' build argument 'catkin_cmake_args' from command line to 'None'
[0.306s] Level 5:colcon.colcon_core.verb:set package 'cv_line_tools' build argument 'catkin_skip_building_tests' from command line to 'False'
[0.306s] DEBUG:colcon.colcon_core.verb:Building package 'cv_line_tools' with the following arguments: {'ament_cmake_args': None, 'build_base': '/home/aaron/Desktop/Vision-For-Robots_src/build/cv_line_tools', 'catkin_cmake_args': None, 'catkin_skip_building_tests': False, 'cmake_args': None, 'cmake_clean_cache': False, 'cmake_clean_first': False, 'cmake_force_configure': False, 'cmake_target': None, 'cmake_target_skip_unavailable': False, 'install_base': '/home/aaron/Desktop/Vision-For-Robots_src/install/cv_line_tools', 'merge_install': False, 'path': '/home/aaron/Desktop/Vision-For-Robots_src/cv_line_tools', 'symlink_install': False, 'test_result_base': None}
[0.307s] Level 5:colcon.colcon_core.verb:set package 'det_loc' build argument 'cmake_args' from command line to 'None'
[0.307s] Level 5:colcon.colcon_core.verb:set package 'det_loc' build argument 'cmake_target' from command line to 'None'
[0.307s] Level 5:colcon.colcon_core.verb:set package 'det_loc' build argument 'cmake_target_skip_unavailable' from command line to 'False'
[0.307s] Level 5:colcon.colcon_core.verb:set package 'det_loc' build argument 'cmake_clean_cache' from command line to 'False'
[0.307s] Level 5:colcon.colcon_core.verb:set package 'det_loc' build argument 'cmake_clean_first' from command line to 'False'
[0.307s] Level 5:colcon.colcon_core.verb:set package 'det_loc' build argument 'cmake_force_configure' from command line to 'False'
[0.307s] Level 5:colcon.colcon_core.verb:set package 'det_loc' build argument 'ament_cmake_args' from command line to 'None'
[0.307s] Level 5:colcon.colcon_core.verb:set package 'det_loc' build argument 'catkin_cmake_args' from command line to 'None'
[0.307s] Level 5:colcon.colcon_core.verb:set package 'det_loc' build argument 'catkin_skip_building_tests' from command line to 'False'
[0.307s] DEBUG:colcon.colcon_core.verb:Building package 'det_loc' with the following arguments: {'ament_cmake_args': None, 'build_base': '/home/aaron/Desktop/Vision-For-Robots_src/build/det_loc', 'catkin_cmake_args': None, 'catkin_skip_building_tests': False, 'cmake_args': None, 'cmake_clean_cache': False, 'cmake_clean_first': False, 'cmake_force_configure': False, 'cmake_target': None, 'cmake_target_skip_unavailable': False, 'install_base': '/home/aaron/Desktop/Vision-For-Robots_src/install/det_loc', 'merge_install': False, 'path': '/home/aaron/Desktop/Vision-For-Robots_src/det_loc', 'symlink_install': False, 'test_result_base': None}
[0.307s] INFO:colcon.colcon_core.executor:Executing jobs using 'parallel' executor
[0.309s] DEBUG:colcon.colcon_parallel_executor.executor.parallel:run_until_complete
[0.309s] INFO:colcon.colcon_ros.task.ament_python.build:Building ROS package in '/home/aaron/Desktop/Vision-For-Robots_src/cv_line_tools' with build type 'ament_python'
[0.309s] Level 1:colcon.colcon_core.shell:create_environment_hook('cv_line_tools', 'ament_prefix_path')
[0.314s] INFO:colcon.colcon_core.plugin_system:Skipping extension 'colcon_core.shell.bat': Not used on non-Windows systems
[0.315s] INFO:colcon.colcon_core.shell:Creating environment hook '/home/aaron/Desktop/Vision-For-Robots_src/install/cv_line_tools/share/cv_line_tools/hook/ament_prefix_path.ps1'
[0.316s] INFO:colcon.colcon_core.shell:Creating environment descriptor '/home/aaron/Desktop/Vision-For-Robots_src/install/cv_line_tools/share/cv_line_tools/hook/ament_prefix_path.dsv'
[0.317s] INFO:colcon.colcon_core.shell:Creating environment hook '/home/aaron/Desktop/Vision-For-Robots_src/install/cv_line_tools/share/cv_line_tools/hook/ament_prefix_path.sh'
[0.318s] INFO:colcon.colcon_core.shell:Skip shell extension 'powershell' for command environment: Not usable outside of PowerShell
[0.318s] DEBUG:colcon.colcon_core.shell:Skip shell extension 'dsv' for command environment
[0.325s] INFO:colcon.colcon_ros.task.ament_python.build:Building ROS package in '/home/aaron/Desktop/Vision-For-Robots_src/det_loc' with build type 'ament_python'
[0.325s] Level 1:colcon.colcon_core.shell:create_environment_hook('det_loc', 'ament_prefix_path')
[0.325s] INFO:colcon.colcon_core.shell:Creating environment hook '/home/aaron/Desktop/Vision-For-Robots_src/install/det_loc/share/det_loc/hook/ament_prefix_path.ps1'
[0.327s] INFO:colcon.colcon_core.shell:Creating environment descriptor '/home/aaron/Desktop/Vision-For-Robots_src/install/det_loc/share/det_loc/hook/ament_prefix_path.dsv'
[0.327s] INFO:colcon.colcon_core.shell:Creating environment hook '/home/aaron/Desktop/Vision-For-Robots_src/install/det_loc/share/det_loc/hook/ament_prefix_path.sh'
[0.328s] INFO:colcon.colcon_core.shell:Skip shell extension 'powershell' for command environment: Not usable outside of PowerShell
[0.328s] DEBUG:colcon.colcon_core.shell:Skip shell extension 'dsv' for command environment
[0.623s] INFO:colcon.colcon_core.task.python.build:Building Python package in '/home/aaron/Desktop/Vision-For-Robots_src/cv_line_tools'
[0.623s] INFO:colcon.colcon_core.shell:Skip shell extension 'powershell' for command environment: Not usable outside of PowerShell
[0.623s] DEBUG:colcon.colcon_core.shell:Skip shell extension 'dsv' for command environment
[0.907s] INFO:colcon.colcon_core.task.python.build:Building Python package in '/home/aaron/Desktop/Vision-For-Robots_src/det_loc'
[0.907s] INFO:colcon.colcon_core.shell:Skip shell extension 'powershell' for command environment: Not usable outside of PowerShell
[0.907s] DEBUG:colcon.colcon_core.shell:Skip shell extension 'dsv' for command environment
[1.519s] DEBUG:colcon.colcon_core.event_handler.log_command:Invoking command in '/home/aaron/Desktop/Vision-For-Robots_src/det_loc': CONDA_PROMPT_MODIFIER=(ros2_py) PYTHONPATH=/home/aaron/Desktop/Vision-For-Robots_src/build/det_loc/prefix_override:/home/aaron/miniconda3/envs/ros2_py/lib/python3.10/site-packages/colcon_core/task/python/colcon_distutils_commands:/home/aaron/Desktop/Vision-For-Robots_src/install/det_loc/lib/python3.10/site-packages:${PYTHONPATH} /home/aaron/miniconda3/envs/ros2_py/bin/python -W ignore:setup.py install is deprecated -W ignore:easy_install command is deprecated setup.py egg_info --egg-base ../build/det_loc build --build-base /home/aaron/Desktop/Vision-For-Robots_src/build/det_loc/build install --record /home/aaron/Desktop/Vision-For-Robots_src/build/det_loc/install.log --single-version-externally-managed install_data
[1.524s] DEBUG:colcon.colcon_core.event_handler.log_command:Invoking command in '/home/aaron/Desktop/Vision-For-Robots_src/cv_line_tools': CONDA_PROMPT_MODIFIER=(ros2_py) PYTHONPATH=/home/aaron/Desktop/Vision-For-Robots_src/build/cv_line_tools/prefix_override:/home/aaron/miniconda3/envs/ros2_py/lib/python3.10/site-packages/colcon_core/task/python/colcon_distutils_commands:/home/aaron/Desktop/Vision-For-Robots_src/install/cv_line_tools/lib/python3.10/site-packages:${PYTHONPATH} /home/aaron/miniconda3/envs/ros2_py/bin/python -W ignore:setup.py install is deprecated -W ignore:easy_install command is deprecated setup.py egg_info --egg-base ../build/cv_line_tools build --build-base /home/aaron/Desktop/Vision-For-Robots_src/build/cv_line_tools/build install --record /home/aaron/Desktop/Vision-For-Robots_src/build/cv_line_tools/install.log --single-version-externally-managed install_data
[2.086s] DEBUG:colcon.colcon_core.event_handler.log_command:Invoked command in '/home/aaron/Desktop/Vision-For-Robots_src/det_loc' returned '0': CONDA_PROMPT_MODIFIER=(ros2_py) PYTHONPATH=/home/aaron/Desktop/Vision-For-Robots_src/build/det_loc/prefix_override:/home/aaron/miniconda3/envs/ros2_py/lib/python3.10/site-packages/colcon_core/task/python/colcon_distutils_commands:/home/aaron/Desktop/Vision-For-Robots_src/install/det_loc/lib/python3.10/site-packages:${PYTHONPATH} /home/aaron/miniconda3/envs/ros2_py/bin/python -W ignore:setup.py install is deprecated -W ignore:easy_install command is deprecated setup.py egg_info --egg-base ../build/det_loc build --build-base /home/aaron/Desktop/Vision-For-Robots_src/build/det_loc/build install --record /home/aaron/Desktop/Vision-For-Robots_src/build/det_loc/install.log --single-version-externally-managed install_data
[2.090s] Level 1:colcon.colcon_core.environment:checking '/home/aaron/Desktop/Vision-For-Robots_src/install/det_loc' for CMake module files
[2.091s] Level 1:colcon.colcon_core.environment:checking '/home/aaron/Desktop/Vision-For-Robots_src/install/det_loc' for CMake config files
[2.093s] Level 1:colcon.colcon_core.environment:checking '/home/aaron/Desktop/Vision-For-Robots_src/install/det_loc/lib'
[2.093s] Level 1:colcon.colcon_core.environment:checking '/home/aaron/Desktop/Vision-For-Robots_src/install/det_loc/bin'
[2.093s] Level 1:colcon.colcon_core.environment:checking '/home/aaron/Desktop/Vision-For-Robots_src/install/det_loc/lib/pkgconfig/det_loc.pc'
[2.094s] Level 1:colcon.colcon_core.environment:checking '/home/aaron/Desktop/Vision-For-Robots_src/install/det_loc/lib/python3.10/site-packages'
[2.094s] Level 1:colcon.colcon_core.shell:create_environment_hook('det_loc', 'pythonpath')
[2.094s] INFO:colcon.colcon_core.shell:Creating environment hook '/home/aaron/Desktop/Vision-For-Robots_src/install/det_loc/share/det_loc/hook/pythonpath.ps1'
[2.096s] INFO:colcon.colcon_core.shell:Creating environment descriptor '/home/aaron/Desktop/Vision-For-Robots_src/install/det_loc/share/det_loc/hook/pythonpath.dsv'
[2.097s] INFO:colcon.colcon_core.shell:Creating environment hook '/home/aaron/Desktop/Vision-For-Robots_src/install/det_loc/share/det_loc/hook/pythonpath.sh'
[2.099s] Level 1:colcon.colcon_core.environment:checking '/home/aaron/Desktop/Vision-For-Robots_src/install/det_loc/bin'
[2.100s] Level 1:colcon.colcon_core.environment:create_environment_scripts_only(det_loc)
[2.100s] INFO:colcon.colcon_core.shell:Creating package script '/home/aaron/Desktop/Vision-For-Robots_src/install/det_loc/share/det_loc/package.ps1'
[2.103s] INFO:colcon.colcon_core.shell:Creating package descriptor '/home/aaron/Desktop/Vision-For-Robots_src/install/det_loc/share/det_loc/package.dsv'
[2.105s] INFO:colcon.colcon_core.shell:Creating package script '/home/aaron/Desktop/Vision-For-Robots_src/install/det_loc/share/det_loc/package.sh'
[2.108s] INFO:colcon.colcon_core.shell:Creating package script '/home/aaron/Desktop/Vision-For-Robots_src/install/det_loc/share/det_loc/package.bash'
[2.110s] INFO:colcon.colcon_core.shell:Creating package script '/home/aaron/Desktop/Vision-For-Robots_src/install/det_loc/share/det_loc/package.zsh'
[2.112s] Level 1:colcon.colcon_core.environment:create_file_with_runtime_dependencies(/home/aaron/Desktop/Vision-For-Robots_src/install/det_loc/share/colcon-core/packages/det_loc)
[2.115s] Level 1:colcon.colcon_core.environment:checking '/home/aaron/Desktop/Vision-For-Robots_src/install/cv_line_tools' for CMake module files
[2.117s] DEBUG:colcon.colcon_core.event_handler.log_command:Invoked command in '/home/aaron/Desktop/Vision-For-Robots_src/cv_line_tools' returned '0': CONDA_PROMPT_MODIFIER=(ros2_py) PYTHONPATH=/home/aaron/Desktop/Vision-For-Robots_src/build/cv_line_tools/prefix_override:/home/aaron/miniconda3/envs/ros2_py/lib/python3.10/site-packages/colcon_core/task/python/colcon_distutils_commands:/home/aaron/Desktop/Vision-For-Robots_src/install/cv_line_tools/lib/python3.10/site-packages:${PYTHONPATH} /home/aaron/miniconda3/envs/ros2_py/bin/python -W ignore:setup.py install is deprecated -W ignore:easy_install command is deprecated setup.py egg_info --egg-base ../build/cv_line_tools build --build-base /home/aaron/Desktop/Vision-For-Robots_src/build/cv_line_tools/build install --record /home/aaron/Desktop/Vision-For-Robots_src/build/cv_line_tools/install.log --single-version-externally-managed install_data
[2.117s] Level 1:colcon.colcon_core.environment:checking '/home/aaron/Desktop/Vision-For-Robots_src/install/cv_line_tools' for CMake config files
[2.118s] Level 1:colcon.colcon_core.environment:checking '/home/aaron/Desktop/Vision-For-Robots_src/install/cv_line_tools/lib'
[2.118s] Level 1:colcon.colcon_core.environment:checking '/home/aaron/Desktop/Vision-For-Robots_src/install/cv_line_tools/bin'
[2.119s] Level 1:colcon.colcon_core.environment:checking '/home/aaron/Desktop/Vision-For-Robots_src/install/cv_line_tools/lib/pkgconfig/cv_line_tools.pc'
[2.119s] Level 1:colcon.colcon_core.environment:checking '/home/aaron/Desktop/Vision-For-Robots_src/install/cv_line_tools/lib/python3.10/site-packages'
[2.119s] Level 1:colcon.colcon_core.shell:create_environment_hook('cv_line_tools', 'pythonpath')
[2.120s] INFO:colcon.colcon_core.shell:Creating environment hook '/home/aaron/Desktop/Vision-For-Robots_src/install/cv_line_tools/share/cv_line_tools/hook/pythonpath.ps1'
[2.121s] INFO:colcon.colcon_core.shell:Creating environment descriptor '/home/aaron/Desktop/Vision-For-Robots_src/install/cv_line_tools/share/cv_line_tools/hook/pythonpath.dsv'
[2.122s] INFO:colcon.colcon_core.shell:Creating environment hook '/home/aaron/Desktop/Vision-For-Robots_src/install/cv_line_tools/share/cv_line_tools/hook/pythonpath.sh'
[2.124s] Level 1:colcon.colcon_core.environment:checking '/home/aaron/Desktop/Vision-For-Robots_src/install/cv_line_tools/bin'
[2.125s] Level 1:colcon.colcon_core.environment:create_environment_scripts_only(cv_line_tools)
[2.125s] INFO:colcon.colcon_core.shell:Creating package script '/home/aaron/Desktop/Vision-For-Robots_src/install/cv_line_tools/share/cv_line_tools/package.ps1'
[2.127s] INFO:colcon.colcon_core.shell:Creating package descriptor '/home/aaron/Desktop/Vision-For-Robots_src/install/cv_line_tools/share/cv_line_tools/package.dsv'
[2.128s] INFO:colcon.colcon_core.shell:Creating package script '/home/aaron/Desktop/Vision-For-Robots_src/install/cv_line_tools/share/cv_line_tools/package.sh'
[2.130s] INFO:colcon.colcon_core.shell:Creating package script '/home/aaron/Desktop/Vision-For-Robots_src/install/cv_line_tools/share/cv_line_tools/package.bash'
[2.131s] INFO:colcon.colcon_core.shell:Creating package script '/home/aaron/Desktop/Vision-For-Robots_src/install/cv_line_tools/share/cv_line_tools/package.zsh'
[2.132s] Level 1:colcon.colcon_core.environment:create_file_with_runtime_dependencies(/home/aaron/Desktop/Vision-For-Robots_src/install/cv_line_tools/share/colcon-core/packages/cv_line_tools)
[2.132s] DEBUG:colcon.colcon_parallel_executor.executor.parallel:closing loop
[2.133s] DEBUG:colcon.colcon_parallel_executor.executor.parallel:loop closed
[2.133s] DEBUG:colcon.colcon_parallel_executor.executor.parallel:run_until_complete finished with '0'
[2.133s] DEBUG:colcon.colcon_core.event_reactor:joining thread
[2.137s] INFO:colcon.colcon_core.plugin_system:Skipping extension 'colcon_notification.desktop_notification.notify2': 'notify2' not found
[2.137s] INFO:colcon.colcon_core.plugin_system:Skipping extension 'colcon_notification.desktop_notification.terminal_notifier': Not used on non-Darwin systems
[2.138s] INFO:colcon.colcon_core.plugin_system:Skipping extension 'colcon_notification.desktop_notification.win32': Not used on non-Windows systems
[2.138s] INFO:colcon.colcon_notification.desktop_notification:Sending desktop notification using 'notify_send'
[2.171s] DEBUG:colcon.colcon_core.event_reactor:joined thread
[2.171s] INFO:colcon.colcon_core.shell:Creating prefix script '/home/aaron/Desktop/Vision-For-Robots_src/install/local_setup.ps1'
[2.174s] INFO:colcon.colcon_core.shell:Creating prefix util module '/home/aaron/Desktop/Vision-For-Robots_src/install/_local_setup_util_ps1.py'
[2.177s] INFO:colcon.colcon_core.shell:Creating prefix chain script '/home/aaron/Desktop/Vision-For-Robots_src/install/setup.ps1'
[2.179s] INFO:colcon.colcon_core.shell:Creating prefix script '/home/aaron/Desktop/Vision-For-Robots_src/install/local_setup.sh'
[2.180s] INFO:colcon.colcon_core.shell:Creating prefix util module '/home/aaron/Desktop/Vision-For-Robots_src/install/_local_setup_util_sh.py'
[2.181s] INFO:colcon.colcon_core.shell:Creating prefix chain script '/home/aaron/Desktop/Vision-For-Robots_src/install/setup.sh'
[2.182s] INFO:colcon.colcon_core.shell:Creating prefix script '/home/aaron/Desktop/Vision-For-Robots_src/install/local_setup.bash'
[2.183s] INFO:colcon.colcon_core.shell:Creating prefix chain script '/home/aaron/Desktop/Vision-For-Robots_src/install/setup.bash'
[2.185s] INFO:colcon.colcon_core.shell:Creating prefix script '/home/aaron/Desktop/Vision-For-Robots_src/install/local_setup.zsh'
[2.186s] INFO:colcon.colcon_core.shell:Creating prefix chain script '/home/aaron/Desktop/Vision-For-Robots_src/install/setup.zsh'
