[1.264s] Invoking command in '/home/aaron/Desktop/Vision-For-Robots_src/cv_line_tools': CONDA_PROMPT_MODIFIER=(ros2_py) PYTHONPATH=/home/aaron/Desktop/Vision-For-Robots_src/build/cv_line_tools/prefix_override:/home/aaron/miniconda3/envs/ros2_py/lib/python3.10/site-packages/colcon_core/task/python/colcon_distutils_commands:/home/aaron/Desktop/Vision-For-Robots_src/install/cv_line_tools/lib/python3.10/site-packages:${PYTHONPATH} /home/aaron/miniconda3/envs/ros2_py/bin/python -W ignore:setup.py install is deprecated -W ignore:easy_install command is deprecated setup.py egg_info --egg-base ../build/cv_line_tools build --build-base /home/aaron/Desktop/Vision-For-Robots_src/build/cv_line_tools/build install --record /home/aaron/Desktop/Vision-For-Robots_src/build/cv_line_tools/install.log --single-version-externally-managed install_data
[1.580s] running egg_info
[1.598s] writing ../build/cv_line_tools/cv_line_tools.egg-info/PKG-INFO
[1.599s] writing dependency_links to ../build/cv_line_tools/cv_line_tools.egg-info/dependency_links.txt
[1.599s] writing entry points to ../build/cv_line_tools/cv_line_tools.egg-info/entry_points.txt
[1.599s] writing requirements to ../build/cv_line_tools/cv_line_tools.egg-info/requires.txt
[1.600s] writing top-level names to ../build/cv_line_tools/cv_line_tools.egg-info/top_level.txt
[1.638s] reading manifest file '../build/cv_line_tools/cv_line_tools.egg-info/SOURCES.txt'
[1.640s] writing manifest file '../build/cv_line_tools/cv_line_tools.egg-info/SOURCES.txt'
[1.640s] running build
[1.641s] running build_py
[1.641s] copying cv_line_tools/__init__.py -> /home/aaron/Desktop/Vision-For-Robots_src/build/cv_line_tools/build/lib/cv_line_tools
[1.641s] copying cv_line_tools/better_image_subscriber.py -> /home/aaron/Desktop/Vision-For-Robots_src/build/cv_line_tools/build/lib/cv_line_tools
[1.641s] running install
[1.647s] running install_lib
[1.666s] running install_data
[1.667s] copying resource/cv_line_tools -> /home/aaron/Desktop/Vision-For-Robots_src/install/cv_line_tools/share/ament_index/resource_index/packages
[1.667s] copying package.xml -> /home/aaron/Desktop/Vision-For-Robots_src/install/cv_line_tools/share/cv_line_tools
[1.667s] running install_egg_info
[1.687s] removing '/home/aaron/Desktop/Vision-For-Robots_src/install/cv_line_tools/lib/python3.10/site-packages/cv_line_tools-0.0.0-py3.10.egg-info' (and everything under it)
[1.687s] Copying ../build/cv_line_tools/cv_line_tools.egg-info to /home/aaron/Desktop/Vision-For-Robots_src/install/cv_line_tools/lib/python3.10/site-packages/cv_line_tools-0.0.0-py3.10.egg-info
[1.688s] running install_scripts
[1.818s] Installing newer_img_subscriber script to /home/aaron/Desktop/Vision-For-Robots_src/install/cv_line_tools/lib/cv_line_tools
[1.818s] writing list of installed files to '/home/aaron/Desktop/Vision-For-Robots_src/build/cv_line_tools/install.log'
[1.876s] Invoked command in '/home/aaron/Desktop/Vision-For-Robots_src/cv_line_tools' returned '0': CONDA_PROMPT_MODIFIER=(ros2_py) PYTHONPATH=/home/aaron/Desktop/Vision-For-Robots_src/build/cv_line_tools/prefix_override:/home/aaron/miniconda3/envs/ros2_py/lib/python3.10/site-packages/colcon_core/task/python/colcon_distutils_commands:/home/aaron/Desktop/Vision-For-Robots_src/install/cv_line_tools/lib/python3.10/site-packages:${PYTHONPATH} /home/aaron/miniconda3/envs/ros2_py/bin/python -W ignore:setup.py install is deprecated -W ignore:easy_install command is deprecated setup.py egg_info --egg-base ../build/cv_line_tools build --build-base /home/aaron/Desktop/Vision-For-Robots_src/build/cv_line_tools/build install --record /home/aaron/Desktop/Vision-For-Robots_src/build/cv_line_tools/install.log --single-version-externally-managed install_data
