[0.174s] DEBUG:colcon:Command line arguments: ['/home/aaron/miniconda3/envs/ros2_py/bin/colcon', 'build']
[0.174s] DEBUG:colcon:Parsed command line arguments: Namespace(log_base=None, log_level=None, verb_name='build', build_base='build', install_base='install', merge_install=False, symlink_install=False, test_result_base=None, continue_on_error=False, executor='parallel', parallel_workers=8, event_handlers=None, ignore_user_meta=False, metas=['./colcon.meta'], base_paths=['.'], packages_ignore=None, packages_ignore_regex=None, paths=None, packages_up_to=None, packages_up_to_regex=None, packages_above=None, packages_above_and_dependencies=None, packages_above_depth=None, packages_select_by_dep=None, packages_skip_by_dep=None, packages_skip_up_to=None, packages_select_build_failed=False, packages_skip_build_finished=False, packages_select_test_failures=False, packages_skip_test_passed=False, packages_select=None, packages_skip=None, packages_select_regex=None, packages_skip_regex=None, packages_start=None, packages_end=None, cmake_args=None, cmake_target=None, cmake_target_skip_unavailable=False, cmake_clean_cache=False, cmake_clean_first=False, cmake_force_configure=False, ament_cmake_args=None, catkin_cmake_args=None, catkin_skip_building_tests=False, verb_parser=<colcon_defaults.argument_parser.defaults.DefaultArgumentsDecorator object at 0x7f4689ff7d00>, verb_extension=<colcon_core.verb.build.BuildVerb object at 0x7f4689ff77f0>, main=<bound method BuildVerb.main of <colcon_core.verb.build.BuildVerb object at 0x7f4689ff77f0>>)
[0.225s] Level 1:colcon.colcon_core.package_discovery:discover_packages(colcon_meta) check parameters
[0.225s] Level 1:colcon.colcon_core.package_discovery:discover_packages(recursive) check parameters
[0.225s] Level 1:colcon.colcon_core.package_discovery:discover_packages(ignore) check parameters
[0.225s] Level 1:colcon.colcon_core.package_discovery:discover_packages(path) check parameters
[0.225s] Level 1:colcon.colcon_core.package_discovery:discover_packages(colcon_meta) discover
[0.225s] Level 1:colcon.colcon_core.package_discovery:discover_packages(recursive) discover
[0.225s] INFO:colcon.colcon_core.package_discovery:Crawling recursively for packages in '/home/aaron/Desktop/Vision-For-Robots_src/det_loc'
[0.225s] Level 1:colcon.colcon_core.package_identification:_identify(.) by extensions ['ignore', 'ignore_ament_install']
[0.225s] Level 1:colcon.colcon_core.package_identification:_identify(.) by extension 'ignore'
[0.225s] Level 1:colcon.colcon_core.package_identification:_identify(.) by extension 'ignore_ament_install'
[0.226s] Level 1:colcon.colcon_core.package_identification:_identify(.) by extensions ['colcon_pkg']
[0.226s] Level 1:colcon.colcon_core.package_identification:_identify(.) by extension 'colcon_pkg'
[0.226s] Level 1:colcon.colcon_core.package_identification:_identify(.) by extensions ['colcon_meta']
[0.226s] Level 1:colcon.colcon_core.package_identification:_identify(.) by extension 'colcon_meta'
[0.226s] Level 1:colcon.colcon_core.package_identification:_identify(.) by extensions ['ros']
[0.226s] Level 1:colcon.colcon_core.package_identification:_identify(.) by extension 'ros'
[0.264s] DEBUG:colcon.colcon_core.package_identification:Package '.' with type 'ros.ament_python' and name 'det_loc'
[0.265s] Level 1:colcon.colcon_core.package_discovery:discover_packages(recursive) using defaults
[0.265s] Level 1:colcon.colcon_core.package_discovery:discover_packages(ignore) discover
[0.265s] Level 1:colcon.colcon_core.package_discovery:discover_packages(ignore) using defaults
[0.265s] Level 1:colcon.colcon_core.package_discovery:discover_packages(path) discover
[0.265s] Level 1:colcon.colcon_core.package_discovery:discover_packages(path) using defaults
[0.290s] Level 5:colcon.colcon_core.verb:set package 'det_loc' build argument 'cmake_args' from command line to 'None'
[0.291s] Level 5:colcon.colcon_core.verb:set package 'det_loc' build argument 'cmake_target' from command line to 'None'
[0.291s] Level 5:colcon.colcon_core.verb:set package 'det_loc' build argument 'cmake_target_skip_unavailable' from command line to 'False'
[0.291s] Level 5:colcon.colcon_core.verb:set package 'det_loc' build argument 'cmake_clean_cache' from command line to 'False'
[0.291s] Level 5:colcon.colcon_core.verb:set package 'det_loc' build argument 'cmake_clean_first' from command line to 'False'
[0.291s] Level 5:colcon.colcon_core.verb:set package 'det_loc' build argument 'cmake_force_configure' from command line to 'False'
[0.291s] Level 5:colcon.colcon_core.verb:set package 'det_loc' build argument 'ament_cmake_args' from command line to 'None'
[0.291s] Level 5:colcon.colcon_core.verb:set package 'det_loc' build argument 'catkin_cmake_args' from command line to 'None'
[0.291s] Level 5:colcon.colcon_core.verb:set package 'det_loc' build argument 'catkin_skip_building_tests' from command line to 'False'
[0.291s] DEBUG:colcon.colcon_core.verb:Building package 'det_loc' with the following arguments: {'ament_cmake_args': None, 'build_base': '/home/aaron/Desktop/Vision-For-Robots_src/det_loc/build/det_loc', 'catkin_cmake_args': None, 'catkin_skip_building_tests': False, 'cmake_args': None, 'cmake_clean_cache': False, 'cmake_clean_first': False, 'cmake_force_configure': False, 'cmake_target': None, 'cmake_target_skip_unavailable': False, 'install_base': '/home/aaron/Desktop/Vision-For-Robots_src/det_loc/install/det_loc', 'merge_install': False, 'path': '/home/aaron/Desktop/Vision-For-Robots_src/det_loc', 'symlink_install': False, 'test_result_base': None}
[0.291s] INFO:colcon.colcon_core.executor:Executing jobs using 'parallel' executor
[0.293s] DEBUG:colcon.colcon_parallel_executor.executor.parallel:run_until_complete
[0.293s] INFO:colcon.colcon_ros.task.ament_python.build:Building ROS package in '/home/aaron/Desktop/Vision-For-Robots_src/det_loc' with build type 'ament_python'
[0.293s] Level 1:colcon.colcon_core.shell:create_environment_hook('det_loc', 'ament_prefix_path')
[0.296s] INFO:colcon.colcon_core.plugin_system:Skipping extension 'colcon_core.shell.bat': Not used on non-Windows systems
[0.296s] INFO:colcon.colcon_core.shell:Creating environment hook '/home/aaron/Desktop/Vision-For-Robots_src/det_loc/install/det_loc/share/det_loc/hook/ament_prefix_path.ps1'
[0.299s] INFO:colcon.colcon_core.shell:Creating environment descriptor '/home/aaron/Desktop/Vision-For-Robots_src/det_loc/install/det_loc/share/det_loc/hook/ament_prefix_path.dsv'
[0.300s] INFO:colcon.colcon_core.shell:Creating environment hook '/home/aaron/Desktop/Vision-For-Robots_src/det_loc/install/det_loc/share/det_loc/hook/ament_prefix_path.sh'
[0.301s] INFO:colcon.colcon_core.shell:Skip shell extension 'powershell' for command environment: Not usable outside of PowerShell
[0.301s] DEBUG:colcon.colcon_core.shell:Skip shell extension 'dsv' for command environment
[0.590s] INFO:colcon.colcon_core.task.python.build:Building Python package in '/home/aaron/Desktop/Vision-For-Robots_src/det_loc'
[0.591s] INFO:colcon.colcon_core.shell:Skip shell extension 'powershell' for command environment: Not usable outside of PowerShell
[0.591s] DEBUG:colcon.colcon_core.shell:Skip shell extension 'dsv' for command environment
[1.241s] DEBUG:colcon.colcon_core.event_handler.log_command:Invoking command in '/home/aaron/Desktop/Vision-For-Robots_src/det_loc': CONDA_PROMPT_MODIFIER=(ros2_py) PYTHONPATH=/home/aaron/Desktop/Vision-For-Robots_src/det_loc/build/det_loc/prefix_override:/home/aaron/miniconda3/envs/ros2_py/lib/python3.10/site-packages/colcon_core/task/python/colcon_distutils_commands:/home/aaron/Desktop/Vision-For-Robots_src/det_loc/install/det_loc/lib/python3.10/site-packages:${PYTHONPATH} /home/aaron/miniconda3/envs/ros2_py/bin/python -W ignore:setup.py install is deprecated -W ignore:easy_install command is deprecated setup.py egg_info --egg-base build/det_loc build --build-base /home/aaron/Desktop/Vision-For-Robots_src/det_loc/build/det_loc/build install --record /home/aaron/Desktop/Vision-For-Robots_src/det_loc/build/det_loc/install.log --single-version-externally-managed install_data
[1.861s] DEBUG:colcon.colcon_core.event_handler.log_command:Invoked command in '/home/aaron/Desktop/Vision-For-Robots_src/det_loc' returned '0': CONDA_PROMPT_MODIFIER=(ros2_py) PYTHONPATH=/home/aaron/Desktop/Vision-For-Robots_src/det_loc/build/det_loc/prefix_override:/home/aaron/miniconda3/envs/ros2_py/lib/python3.10/site-packages/colcon_core/task/python/colcon_distutils_commands:/home/aaron/Desktop/Vision-For-Robots_src/det_loc/install/det_loc/lib/python3.10/site-packages:${PYTHONPATH} /home/aaron/miniconda3/envs/ros2_py/bin/python -W ignore:setup.py install is deprecated -W ignore:easy_install command is deprecated setup.py egg_info --egg-base build/det_loc build --build-base /home/aaron/Desktop/Vision-For-Robots_src/det_loc/build/det_loc/build install --record /home/aaron/Desktop/Vision-For-Robots_src/det_loc/build/det_loc/install.log --single-version-externally-managed install_data
[1.865s] Level 1:colcon.colcon_core.environment:checking '/home/aaron/Desktop/Vision-For-Robots_src/det_loc/install/det_loc' for CMake module files
[1.866s] Level 1:colcon.colcon_core.environment:checking '/home/aaron/Desktop/Vision-For-Robots_src/det_loc/install/det_loc' for CMake config files
[1.867s] Level 1:colcon.colcon_core.environment:checking '/home/aaron/Desktop/Vision-For-Robots_src/det_loc/install/det_loc/lib'
[1.868s] Level 1:colcon.colcon_core.environment:checking '/home/aaron/Desktop/Vision-For-Robots_src/det_loc/install/det_loc/bin'
[1.868s] Level 1:colcon.colcon_core.environment:checking '/home/aaron/Desktop/Vision-For-Robots_src/det_loc/install/det_loc/lib/pkgconfig/det_loc.pc'
[1.868s] Level 1:colcon.colcon_core.environment:checking '/home/aaron/Desktop/Vision-For-Robots_src/det_loc/install/det_loc/lib/python3.10/site-packages'
[1.869s] Level 1:colcon.colcon_core.shell:create_environment_hook('det_loc', 'pythonpath')
[1.869s] INFO:colcon.colcon_core.shell:Creating environment hook '/home/aaron/Desktop/Vision-For-Robots_src/det_loc/install/det_loc/share/det_loc/hook/pythonpath.ps1'
[1.871s] INFO:colcon.colcon_core.shell:Creating environment descriptor '/home/aaron/Desktop/Vision-For-Robots_src/det_loc/install/det_loc/share/det_loc/hook/pythonpath.dsv'
[1.872s] INFO:colcon.colcon_core.shell:Creating environment hook '/home/aaron/Desktop/Vision-For-Robots_src/det_loc/install/det_loc/share/det_loc/hook/pythonpath.sh'
[1.874s] Level 1:colcon.colcon_core.environment:checking '/home/aaron/Desktop/Vision-For-Robots_src/det_loc/install/det_loc/bin'
[1.874s] Level 1:colcon.colcon_core.environment:create_environment_scripts_only(det_loc)
[1.874s] INFO:colcon.colcon_core.shell:Creating package script '/home/aaron/Desktop/Vision-For-Robots_src/det_loc/install/det_loc/share/det_loc/package.ps1'
[1.877s] INFO:colcon.colcon_core.shell:Creating package descriptor '/home/aaron/Desktop/Vision-For-Robots_src/det_loc/install/det_loc/share/det_loc/package.dsv'
[1.879s] INFO:colcon.colcon_core.shell:Creating package script '/home/aaron/Desktop/Vision-For-Robots_src/det_loc/install/det_loc/share/det_loc/package.sh'
[1.881s] INFO:colcon.colcon_core.shell:Creating package script '/home/aaron/Desktop/Vision-For-Robots_src/det_loc/install/det_loc/share/det_loc/package.bash'
[1.884s] INFO:colcon.colcon_core.shell:Creating package script '/home/aaron/Desktop/Vision-For-Robots_src/det_loc/install/det_loc/share/det_loc/package.zsh'
[1.886s] Level 1:colcon.colcon_core.environment:create_file_with_runtime_dependencies(/home/aaron/Desktop/Vision-For-Robots_src/det_loc/install/det_loc/share/colcon-core/packages/det_loc)
[1.887s] DEBUG:colcon.colcon_parallel_executor.executor.parallel:closing loop
[1.887s] DEBUG:colcon.colcon_parallel_executor.executor.parallel:loop closed
[1.888s] DEBUG:colcon.colcon_parallel_executor.executor.parallel:run_until_complete finished with '0'
[1.888s] DEBUG:colcon.colcon_core.event_reactor:joining thread
[1.891s] INFO:colcon.colcon_core.plugin_system:Skipping extension 'colcon_notification.desktop_notification.notify2': 'notify2' not found
[1.892s] INFO:colcon.colcon_core.plugin_system:Skipping extension 'colcon_notification.desktop_notification.terminal_notifier': Not used on non-Darwin systems
[1.892s] INFO:colcon.colcon_core.plugin_system:Skipping extension 'colcon_notification.desktop_notification.win32': Not used on non-Windows systems
[1.892s] INFO:colcon.colcon_notification.desktop_notification:Sending desktop notification using 'notify_send'
[1.929s] DEBUG:colcon.colcon_core.event_reactor:joined thread
[1.930s] INFO:colcon.colcon_core.shell:Creating prefix script '/home/aaron/Desktop/Vision-For-Robots_src/det_loc/install/local_setup.ps1'
[1.932s] INFO:colcon.colcon_core.shell:Creating prefix util module '/home/aaron/Desktop/Vision-For-Robots_src/det_loc/install/_local_setup_util_ps1.py'
[1.935s] INFO:colcon.colcon_core.shell:Creating prefix chain script '/home/aaron/Desktop/Vision-For-Robots_src/det_loc/install/setup.ps1'
[1.937s] INFO:colcon.colcon_core.shell:Creating prefix script '/home/aaron/Desktop/Vision-For-Robots_src/det_loc/install/local_setup.sh'
[1.939s] INFO:colcon.colcon_core.shell:Creating prefix util module '/home/aaron/Desktop/Vision-For-Robots_src/det_loc/install/_local_setup_util_sh.py'
[1.940s] INFO:colcon.colcon_core.shell:Creating prefix chain script '/home/aaron/Desktop/Vision-For-Robots_src/det_loc/install/setup.sh'
[1.942s] INFO:colcon.colcon_core.shell:Creating prefix script '/home/aaron/Desktop/Vision-For-Robots_src/det_loc/install/local_setup.bash'
[1.944s] INFO:colcon.colcon_core.shell:Creating prefix chain script '/home/aaron/Desktop/Vision-For-Robots_src/det_loc/install/setup.bash'
[1.946s] INFO:colcon.colcon_core.shell:Creating prefix script '/home/aaron/Desktop/Vision-For-Robots_src/det_loc/install/local_setup.zsh'
[1.947s] INFO:colcon.colcon_core.shell:Creating prefix chain script '/home/aaron/Desktop/Vision-For-Robots_src/det_loc/install/setup.zsh'
