[0.173s] DEBUG:colcon:Command line arguments: ['/home/aaron/miniconda3/envs/ros2_py/bin/colcon', 'build']
[0.173s] DEBUG:colcon:Parsed command line arguments: Namespace(log_base=None, log_level=None, verb_name='build', build_base='build', install_base='install', merge_install=False, symlink_install=False, test_result_base=None, continue_on_error=False, executor='parallel', parallel_workers=8, event_handlers=None, ignore_user_meta=False, metas=['./colcon.meta'], base_paths=['.'], packages_ignore=None, packages_ignore_regex=None, paths=None, packages_up_to=None, packages_up_to_regex=None, packages_above=None, packages_above_and_dependencies=None, packages_above_depth=None, packages_select_by_dep=None, packages_skip_by_dep=None, packages_skip_up_to=None, packages_select_build_failed=False, packages_skip_build_finished=False, packages_select_test_failures=False, packages_skip_test_passed=False, packages_select=None, packages_skip=None, packages_select_regex=None, packages_skip_regex=None, packages_start=None, packages_end=None, cmake_args=None, cmake_target=None, cmake_target_skip_unavailable=False, cmake_clean_cache=False, cmake_clean_first=False, cmake_force_configure=False, ament_cmake_args=None, catkin_cmake_args=None, catkin_skip_building_tests=False, verb_parser=<colcon_defaults.argument_parser.defaults.DefaultArgumentsDecorator object at 0x747e42c5fa90>, verb_extension=<colcon_core.verb.build.BuildVerb object at 0x747e42c5f580>, main=<bound method BuildVerb.main of <colcon_core.verb.build.BuildVerb object at 0x747e42c5f580>>)
[0.222s] Level 1:colcon.colcon_core.package_discovery:discover_packages(colcon_meta) check parameters
[0.223s] Level 1:colcon.colcon_core.package_discovery:discover_packages(recursive) check parameters
[0.223s] Level 1:colcon.colcon_core.package_discovery:discover_packages(ignore) check parameters
[0.223s] Level 1:colcon.colcon_core.package_discovery:discover_packages(path) check parameters
[0.223s] Level 1:colcon.colcon_core.package_discovery:discover_packages(colcon_meta) discover
[0.223s] Level 1:colcon.colcon_core.package_discovery:discover_packages(recursive) discover
[0.223s] INFO:colcon.colcon_core.package_discovery:Crawling recursively for packages in '/home/aaron/Desktop/Vision-For-Robots_src'
[0.223s] Level 1:colcon.colcon_core.package_identification:_identify(.) by extensions ['ignore', 'ignore_ament_install']
[0.223s] Level 1:colcon.colcon_core.package_identification:_identify(.) by extension 'ignore'
[0.223s] Level 1:colcon.colcon_core.package_identification:_identify(.) by extension 'ignore_ament_install'
[0.223s] Level 1:colcon.colcon_core.package_identification:_identify(.) by extensions ['colcon_pkg']
[0.223s] Level 1:colcon.colcon_core.package_identification:_identify(.) by extension 'colcon_pkg'
[0.223s] Level 1:colcon.colcon_core.package_identification:_identify(.) by extensions ['colcon_meta']
[0.223s] Level 1:colcon.colcon_core.package_identification:_identify(.) by extension 'colcon_meta'
[0.223s] Level 1:colcon.colcon_core.package_identification:_identify(.) by extensions ['ros']
[0.223s] Level 1:colcon.colcon_core.package_identification:_identify(.) by extension 'ros'
[0.258s] Level 1:colcon.colcon_core.package_identification:_identify(.) by extensions ['cmake', 'python']
[0.259s] Level 1:colcon.colcon_core.package_identification:_identify(.) by extension 'cmake'
[0.259s] Level 1:colcon.colcon_core.package_identification:_identify(.) by extension 'python'
[0.259s] Level 1:colcon.colcon_core.package_identification:_identify(.) by extensions ['python_setup_py']
[0.259s] Level 1:colcon.colcon_core.package_identification:_identify(.) by extension 'python_setup_py'
[0.259s] Level 1:colcon.colcon_core.package_identification:_identify(build) by extensions ['ignore', 'ignore_ament_install']
[0.259s] Level 1:colcon.colcon_core.package_identification:_identify(build) by extension 'ignore'
[0.259s] Level 1:colcon.colcon_core.package_identification:_identify(build) ignored
[0.259s] Level 1:colcon.colcon_core.package_identification:_identify(cv_line_tools) by extensions ['ignore', 'ignore_ament_install']
[0.259s] Level 1:colcon.colcon_core.package_identification:_identify(cv_line_tools) by extension 'ignore'
[0.260s] Level 1:colcon.colcon_core.package_identification:_identify(cv_line_tools) by extension 'ignore_ament_install'
[0.260s] Level 1:colcon.colcon_core.package_identification:_identify(cv_line_tools) by extensions ['colcon_pkg']
[0.260s] Level 1:colcon.colcon_core.package_identification:_identify(cv_line_tools) by extension 'colcon_pkg'
[0.260s] Level 1:colcon.colcon_core.package_identification:_identify(cv_line_tools) by extensions ['colcon_meta']
[0.260s] Level 1:colcon.colcon_core.package_identification:_identify(cv_line_tools) by extension 'colcon_meta'
[0.260s] Level 1:colcon.colcon_core.package_identification:_identify(cv_line_tools) by extensions ['ros']
[0.260s] Level 1:colcon.colcon_core.package_identification:_identify(cv_line_tools) by extension 'ros'
[0.263s] DEBUG:colcon.colcon_core.package_identification:Package 'cv_line_tools' with type 'ros.ament_python' and name 'cv_line_tools'
[0.264s] Level 1:colcon.colcon_core.package_identification:_identify(det_loc) by extensions ['ignore', 'ignore_ament_install']
[0.264s] Level 1:colcon.colcon_core.package_identification:_identify(det_loc) by extension 'ignore'
[0.264s] Level 1:colcon.colcon_core.package_identification:_identify(det_loc) by extension 'ignore_ament_install'
[0.264s] Level 1:colcon.colcon_core.package_identification:_identify(det_loc) by extensions ['colcon_pkg']
[0.264s] Level 1:colcon.colcon_core.package_identification:_identify(det_loc) by extension 'colcon_pkg'
[0.264s] Level 1:colcon.colcon_core.package_identification:_identify(det_loc) by extensions ['colcon_meta']
[0.264s] Level 1:colcon.colcon_core.package_identification:_identify(det_loc) by extension 'colcon_meta'
[0.264s] Level 1:colcon.colcon_core.package_identification:_identify(det_loc) by extensions ['ros']
[0.264s] Level 1:colcon.colcon_core.package_identification:_identify(det_loc) by extension 'ros'
[0.265s] DEBUG:colcon.colcon_core.package_identification:Package 'det_loc' with type 'ros.ament_python' and name 'det_loc'
[0.266s] Level 1:colcon.colcon_core.package_identification:_identify(install) by extensions ['ignore', 'ignore_ament_install']
[0.266s] Level 1:colcon.colcon_core.package_identification:_identify(install) by extension 'ignore'
[0.266s] Level 1:colcon.colcon_core.package_identification:_identify(install) ignored
[0.266s] Level 1:colcon.colcon_core.package_identification:_identify(log) by extensions ['ignore', 'ignore_ament_install']
[0.266s] Level 1:colcon.colcon_core.package_identification:_identify(log) by extension 'ignore'
[0.266s] Level 1:colcon.colcon_core.package_identification:_identify(log) ignored
[0.266s] Level 1:colcon.colcon_core.package_discovery:discover_packages(recursive) using defaults
[0.266s] Level 1:colcon.colcon_core.package_discovery:discover_packages(ignore) discover
[0.266s] Level 1:colcon.colcon_core.package_discovery:discover_packages(ignore) using defaults
[0.266s] Level 1:colcon.colcon_core.package_discovery:discover_packages(path) discover
[0.266s] Level 1:colcon.colcon_core.package_discovery:discover_packages(path) using defaults
[0.292s] Level 5:colcon.colcon_core.verb:set package 'cv_line_tools' build argument 'cmake_args' from command line to 'None'
[0.293s] Level 5:colcon.colcon_core.verb:set package 'cv_line_tools' build argument 'cmake_target' from command line to 'None'
[0.293s] Level 5:colcon.colcon_core.verb:set package 'cv_line_tools' build argument 'cmake_target_skip_unavailable' from command line to 'False'
[0.293s] Level 5:colcon.colcon_core.verb:set package 'cv_line_tools' build argument 'cmake_clean_cache' from command line to 'False'
[0.293s] Level 5:colcon.colcon_core.verb:set package 'cv_line_tools' build argument 'cmake_clean_first' from command line to 'False'
[0.293s] Level 5:colcon.colcon_core.verb:set package 'cv_line_tools' build argument 'cmake_force_configure' from command line to 'False'
[0.293s] Level 5:colcon.colcon_core.verb:set package 'cv_line_tools' build argument 'ament_cmake_args' from command line to 'None'
[0.293s] Level 5:colcon.colcon_core.verb:set package 'cv_line_tools' build argument 'catkin_cmake_args' from command line to 'None'
[0.293s] Level 5:colcon.colcon_core.verb:set package 'cv_line_tools' build argument 'catkin_skip_building_tests' from command line to 'False'
[0.293s] DEBUG:colcon.colcon_core.verb:Building package 'cv_line_tools' with the following arguments: {'ament_cmake_args': None, 'build_base': '/home/aaron/Desktop/Vision-For-Robots_src/build/cv_line_tools', 'catkin_cmake_args': None, 'catkin_skip_building_tests': False, 'cmake_args': None, 'cmake_clean_cache': False, 'cmake_clean_first': False, 'cmake_force_configure': False, 'cmake_target': None, 'cmake_target_skip_unavailable': False, 'install_base': '/home/aaron/Desktop/Vision-For-Robots_src/install/cv_line_tools', 'merge_install': False, 'path': '/home/aaron/Desktop/Vision-For-Robots_src/cv_line_tools', 'symlink_install': False, 'test_result_base': None}
[0.293s] Level 5:colcon.colcon_core.verb:set package 'det_loc' build argument 'cmake_args' from command line to 'None'
[0.293s] Level 5:colcon.colcon_core.verb:set package 'det_loc' build argument 'cmake_target' from command line to 'None'
[0.293s] Level 5:colcon.colcon_core.verb:set package 'det_loc' build argument 'cmake_target_skip_unavailable' from command line to 'False'
[0.293s] Level 5:colcon.colcon_core.verb:set package 'det_loc' build argument 'cmake_clean_cache' from command line to 'False'
[0.293s] Level 5:colcon.colcon_core.verb:set package 'det_loc' build argument 'cmake_clean_first' from command line to 'False'
[0.293s] Level 5:colcon.colcon_core.verb:set package 'det_loc' build argument 'cmake_force_configure' from command line to 'False'
[0.293s] Level 5:colcon.colcon_core.verb:set package 'det_loc' build argument 'ament_cmake_args' from command line to 'None'
[0.294s] Level 5:colcon.colcon_core.verb:set package 'det_loc' build argument 'catkin_cmake_args' from command line to 'None'
[0.294s] Level 5:colcon.colcon_core.verb:set package 'det_loc' build argument 'catkin_skip_building_tests' from command line to 'False'
[0.294s] DEBUG:colcon.colcon_core.verb:Building package 'det_loc' with the following arguments: {'ament_cmake_args': None, 'build_base': '/home/aaron/Desktop/Vision-For-Robots_src/build/det_loc', 'catkin_cmake_args': None, 'catkin_skip_building_tests': False, 'cmake_args': None, 'cmake_clean_cache': False, 'cmake_clean_first': False, 'cmake_force_configure': False, 'cmake_target': None, 'cmake_target_skip_unavailable': False, 'install_base': '/home/aaron/Desktop/Vision-For-Robots_src/install/det_loc', 'merge_install': False, 'path': '/home/aaron/Desktop/Vision-For-Robots_src/det_loc', 'symlink_install': False, 'test_result_base': None}
[0.294s] INFO:colcon.colcon_core.executor:Executing jobs using 'parallel' executor
[0.295s] DEBUG:colcon.colcon_parallel_executor.executor.parallel:run_until_complete
[0.296s] INFO:colcon.colcon_ros.task.ament_python.build:Building ROS package in '/home/aaron/Desktop/Vision-For-Robots_src/cv_line_tools' with build type 'ament_python'
[0.296s] Level 1:colcon.colcon_core.shell:create_environment_hook('cv_line_tools', 'ament_prefix_path')
[0.300s] INFO:colcon.colcon_core.plugin_system:Skipping extension 'colcon_core.shell.bat': Not used on non-Windows systems
[0.300s] INFO:colcon.colcon_core.shell:Creating environment hook '/home/aaron/Desktop/Vision-For-Robots_src/install/cv_line_tools/share/cv_line_tools/hook/ament_prefix_path.ps1'
[0.302s] INFO:colcon.colcon_core.shell:Creating environment descriptor '/home/aaron/Desktop/Vision-For-Robots_src/install/cv_line_tools/share/cv_line_tools/hook/ament_prefix_path.dsv'
[0.303s] INFO:colcon.colcon_core.shell:Creating environment hook '/home/aaron/Desktop/Vision-For-Robots_src/install/cv_line_tools/share/cv_line_tools/hook/ament_prefix_path.sh'
[0.304s] INFO:colcon.colcon_core.shell:Skip shell extension 'powershell' for command environment: Not usable outside of PowerShell
[0.304s] DEBUG:colcon.colcon_core.shell:Skip shell extension 'dsv' for command environment
[0.311s] INFO:colcon.colcon_ros.task.ament_python.build:Building ROS package in '/home/aaron/Desktop/Vision-For-Robots_src/det_loc' with build type 'ament_python'
[0.311s] Level 1:colcon.colcon_core.shell:create_environment_hook('det_loc', 'ament_prefix_path')
[0.312s] INFO:colcon.colcon_core.shell:Creating environment hook '/home/aaron/Desktop/Vision-For-Robots_src/install/det_loc/share/det_loc/hook/ament_prefix_path.ps1'
[0.313s] INFO:colcon.colcon_core.shell:Creating environment descriptor '/home/aaron/Desktop/Vision-For-Robots_src/install/det_loc/share/det_loc/hook/ament_prefix_path.dsv'
[0.314s] INFO:colcon.colcon_core.shell:Creating environment hook '/home/aaron/Desktop/Vision-For-Robots_src/install/det_loc/share/det_loc/hook/ament_prefix_path.sh'
[0.315s] INFO:colcon.colcon_core.shell:Skip shell extension 'powershell' for command environment: Not usable outside of PowerShell
[0.315s] DEBUG:colcon.colcon_core.shell:Skip shell extension 'dsv' for command environment
[0.610s] INFO:colcon.colcon_core.task.python.build:Building Python package in '/home/aaron/Desktop/Vision-For-Robots_src/cv_line_tools'
[0.611s] INFO:colcon.colcon_core.shell:Skip shell extension 'powershell' for command environment: Not usable outside of PowerShell
[0.611s] DEBUG:colcon.colcon_core.shell:Skip shell extension 'dsv' for command environment
[0.889s] INFO:colcon.colcon_core.task.python.build:Building Python package in '/home/aaron/Desktop/Vision-For-Robots_src/det_loc'
[0.890s] INFO:colcon.colcon_core.shell:Skip shell extension 'powershell' for command environment: Not usable outside of PowerShell
[0.890s] DEBUG:colcon.colcon_core.shell:Skip shell extension 'dsv' for command environment
[1.540s] DEBUG:colcon.colcon_core.event_handler.log_command:Invoking command in '/home/aaron/Desktop/Vision-For-Robots_src/det_loc': CONDA_PROMPT_MODIFIER=(ros2_py) PYTHONPATH=/home/aaron/Desktop/Vision-For-Robots_src/build/det_loc/prefix_override:/home/aaron/miniconda3/envs/ros2_py/lib/python3.10/site-packages/colcon_core/task/python/colcon_distutils_commands:/home/aaron/Desktop/Vision-For-Robots_src/install/det_loc/lib/python3.10/site-packages:${PYTHONPATH} /home/aaron/miniconda3/envs/ros2_py/bin/python -W ignore:setup.py install is deprecated -W ignore:easy_install command is deprecated setup.py egg_info --egg-base ../build/det_loc build --build-base /home/aaron/Desktop/Vision-For-Robots_src/build/det_loc/build install --record /home/aaron/Desktop/Vision-For-Robots_src/build/det_loc/install.log --single-version-externally-managed install_data
[1.556s] DEBUG:colcon.colcon_core.event_handler.log_command:Invoking command in '/home/aaron/Desktop/Vision-For-Robots_src/cv_line_tools': CONDA_PROMPT_MODIFIER=(ros2_py) PYTHONPATH=/home/aaron/Desktop/Vision-For-Robots_src/build/cv_line_tools/prefix_override:/home/aaron/miniconda3/envs/ros2_py/lib/python3.10/site-packages/colcon_core/task/python/colcon_distutils_commands:/home/aaron/Desktop/Vision-For-Robots_src/install/cv_line_tools/lib/python3.10/site-packages:${PYTHONPATH} /home/aaron/miniconda3/envs/ros2_py/bin/python -W ignore:setup.py install is deprecated -W ignore:easy_install command is deprecated setup.py egg_info --egg-base ../build/cv_line_tools build --build-base /home/aaron/Desktop/Vision-For-Robots_src/build/cv_line_tools/build install --record /home/aaron/Desktop/Vision-For-Robots_src/build/cv_line_tools/install.log --single-version-externally-managed install_data
[2.161s] DEBUG:colcon.colcon_core.event_handler.log_command:Invoked command in '/home/aaron/Desktop/Vision-For-Robots_src/det_loc' returned '0': CONDA_PROMPT_MODIFIER=(ros2_py) PYTHONPATH=/home/aaron/Desktop/Vision-For-Robots_src/build/det_loc/prefix_override:/home/aaron/miniconda3/envs/ros2_py/lib/python3.10/site-packages/colcon_core/task/python/colcon_distutils_commands:/home/aaron/Desktop/Vision-For-Robots_src/install/det_loc/lib/python3.10/site-packages:${PYTHONPATH} /home/aaron/miniconda3/envs/ros2_py/bin/python -W ignore:setup.py install is deprecated -W ignore:easy_install command is deprecated setup.py egg_info --egg-base ../build/det_loc build --build-base /home/aaron/Desktop/Vision-For-Robots_src/build/det_loc/build install --record /home/aaron/Desktop/Vision-For-Robots_src/build/det_loc/install.log --single-version-externally-managed install_data
[2.166s] Level 1:colcon.colcon_core.environment:checking '/home/aaron/Desktop/Vision-For-Robots_src/install/det_loc' for CMake module files
[2.167s] Level 1:colcon.colcon_core.environment:checking '/home/aaron/Desktop/Vision-For-Robots_src/install/det_loc' for CMake config files
[2.168s] Level 1:colcon.colcon_core.environment:checking '/home/aaron/Desktop/Vision-For-Robots_src/install/det_loc/lib'
[2.168s] Level 1:colcon.colcon_core.environment:checking '/home/aaron/Desktop/Vision-For-Robots_src/install/det_loc/bin'
[2.168s] Level 1:colcon.colcon_core.environment:checking '/home/aaron/Desktop/Vision-For-Robots_src/install/det_loc/lib/pkgconfig/det_loc.pc'
[2.169s] Level 1:colcon.colcon_core.environment:checking '/home/aaron/Desktop/Vision-For-Robots_src/install/det_loc/lib/python3.10/site-packages'
[2.169s] Level 1:colcon.colcon_core.shell:create_environment_hook('det_loc', 'pythonpath')
[2.170s] INFO:colcon.colcon_core.shell:Creating environment hook '/home/aaron/Desktop/Vision-For-Robots_src/install/det_loc/share/det_loc/hook/pythonpath.ps1'
[2.171s] INFO:colcon.colcon_core.shell:Creating environment descriptor '/home/aaron/Desktop/Vision-For-Robots_src/install/det_loc/share/det_loc/hook/pythonpath.dsv'
[2.172s] INFO:colcon.colcon_core.shell:Creating environment hook '/home/aaron/Desktop/Vision-For-Robots_src/install/det_loc/share/det_loc/hook/pythonpath.sh'
[2.174s] Level 1:colcon.colcon_core.environment:checking '/home/aaron/Desktop/Vision-For-Robots_src/install/det_loc/bin'
[2.174s] Level 1:colcon.colcon_core.environment:create_environment_scripts_only(det_loc)
[2.175s] INFO:colcon.colcon_core.shell:Creating package script '/home/aaron/Desktop/Vision-For-Robots_src/install/det_loc/share/det_loc/package.ps1'
[2.177s] INFO:colcon.colcon_core.shell:Creating package descriptor '/home/aaron/Desktop/Vision-For-Robots_src/install/det_loc/share/det_loc/package.dsv'
[2.180s] INFO:colcon.colcon_core.shell:Creating package script '/home/aaron/Desktop/Vision-For-Robots_src/install/det_loc/share/det_loc/package.sh'
[2.182s] INFO:colcon.colcon_core.shell:Creating package script '/home/aaron/Desktop/Vision-For-Robots_src/install/det_loc/share/det_loc/package.bash'
[2.184s] INFO:colcon.colcon_core.shell:Creating package script '/home/aaron/Desktop/Vision-For-Robots_src/install/det_loc/share/det_loc/package.zsh'
[2.186s] Level 1:colcon.colcon_core.environment:create_file_with_runtime_dependencies(/home/aaron/Desktop/Vision-For-Robots_src/install/det_loc/share/colcon-core/packages/det_loc)
[2.193s] Level 1:colcon.colcon_core.environment:checking '/home/aaron/Desktop/Vision-For-Robots_src/install/cv_line_tools' for CMake module files
[2.194s] DEBUG:colcon.colcon_core.event_handler.log_command:Invoked command in '/home/aaron/Desktop/Vision-For-Robots_src/cv_line_tools' returned '0': CONDA_PROMPT_MODIFIER=(ros2_py) PYTHONPATH=/home/aaron/Desktop/Vision-For-Robots_src/build/cv_line_tools/prefix_override:/home/aaron/miniconda3/envs/ros2_py/lib/python3.10/site-packages/colcon_core/task/python/colcon_distutils_commands:/home/aaron/Desktop/Vision-For-Robots_src/install/cv_line_tools/lib/python3.10/site-packages:${PYTHONPATH} /home/aaron/miniconda3/envs/ros2_py/bin/python -W ignore:setup.py install is deprecated -W ignore:easy_install command is deprecated setup.py egg_info --egg-base ../build/cv_line_tools build --build-base /home/aaron/Desktop/Vision-For-Robots_src/build/cv_line_tools/build install --record /home/aaron/Desktop/Vision-For-Robots_src/build/cv_line_tools/install.log --single-version-externally-managed install_data
[2.195s] Level 1:colcon.colcon_core.environment:checking '/home/aaron/Desktop/Vision-For-Robots_src/install/cv_line_tools' for CMake config files
[2.196s] Level 1:colcon.colcon_core.environment:checking '/home/aaron/Desktop/Vision-For-Robots_src/install/cv_line_tools/lib'
[2.196s] Level 1:colcon.colcon_core.environment:checking '/home/aaron/Desktop/Vision-For-Robots_src/install/cv_line_tools/bin'
[2.196s] Level 1:colcon.colcon_core.environment:checking '/home/aaron/Desktop/Vision-For-Robots_src/install/cv_line_tools/lib/pkgconfig/cv_line_tools.pc'
[2.197s] Level 1:colcon.colcon_core.environment:checking '/home/aaron/Desktop/Vision-For-Robots_src/install/cv_line_tools/lib/python3.10/site-packages'
[2.197s] Level 1:colcon.colcon_core.shell:create_environment_hook('cv_line_tools', 'pythonpath')
[2.197s] INFO:colcon.colcon_core.shell:Creating environment hook '/home/aaron/Desktop/Vision-For-Robots_src/install/cv_line_tools/share/cv_line_tools/hook/pythonpath.ps1'
[2.199s] INFO:colcon.colcon_core.shell:Creating environment descriptor '/home/aaron/Desktop/Vision-For-Robots_src/install/cv_line_tools/share/cv_line_tools/hook/pythonpath.dsv'
[2.200s] INFO:colcon.colcon_core.shell:Creating environment hook '/home/aaron/Desktop/Vision-For-Robots_src/install/cv_line_tools/share/cv_line_tools/hook/pythonpath.sh'
[2.202s] Level 1:colcon.colcon_core.environment:checking '/home/aaron/Desktop/Vision-For-Robots_src/install/cv_line_tools/bin'
[2.202s] Level 1:colcon.colcon_core.environment:create_environment_scripts_only(cv_line_tools)
[2.203s] INFO:colcon.colcon_core.shell:Creating package script '/home/aaron/Desktop/Vision-For-Robots_src/install/cv_line_tools/share/cv_line_tools/package.ps1'
[2.205s] INFO:colcon.colcon_core.shell:Creating package descriptor '/home/aaron/Desktop/Vision-For-Robots_src/install/cv_line_tools/share/cv_line_tools/package.dsv'
[2.207s] INFO:colcon.colcon_core.shell:Creating package script '/home/aaron/Desktop/Vision-For-Robots_src/install/cv_line_tools/share/cv_line_tools/package.sh'
[2.208s] INFO:colcon.colcon_core.shell:Creating package script '/home/aaron/Desktop/Vision-For-Robots_src/install/cv_line_tools/share/cv_line_tools/package.bash'
[2.210s] INFO:colcon.colcon_core.shell:Creating package script '/home/aaron/Desktop/Vision-For-Robots_src/install/cv_line_tools/share/cv_line_tools/package.zsh'
[2.211s] Level 1:colcon.colcon_core.environment:create_file_with_runtime_dependencies(/home/aaron/Desktop/Vision-For-Robots_src/install/cv_line_tools/share/colcon-core/packages/cv_line_tools)
[2.212s] DEBUG:colcon.colcon_parallel_executor.executor.parallel:closing loop
[2.212s] DEBUG:colcon.colcon_parallel_executor.executor.parallel:loop closed
[2.213s] DEBUG:colcon.colcon_parallel_executor.executor.parallel:run_until_complete finished with '0'
[2.213s] DEBUG:colcon.colcon_core.event_reactor:joining thread
[2.216s] INFO:colcon.colcon_core.plugin_system:Skipping extension 'colcon_notification.desktop_notification.notify2': 'notify2' not found
[2.217s] INFO:colcon.colcon_core.plugin_system:Skipping extension 'colcon_notification.desktop_notification.terminal_notifier': Not used on non-Darwin systems
[2.217s] INFO:colcon.colcon_core.plugin_system:Skipping extension 'colcon_notification.desktop_notification.win32': Not used on non-Windows systems
[2.217s] INFO:colcon.colcon_notification.desktop_notification:Sending desktop notification using 'notify_send'
[2.252s] DEBUG:colcon.colcon_core.event_reactor:joined thread
[2.253s] INFO:colcon.colcon_core.shell:Creating prefix script '/home/aaron/Desktop/Vision-For-Robots_src/install/local_setup.ps1'
[2.256s] INFO:colcon.colcon_core.shell:Creating prefix util module '/home/aaron/Desktop/Vision-For-Robots_src/install/_local_setup_util_ps1.py'
[2.262s] INFO:colcon.colcon_core.shell:Creating prefix chain script '/home/aaron/Desktop/Vision-For-Robots_src/install/setup.ps1'
[2.266s] INFO:colcon.colcon_core.shell:Creating prefix script '/home/aaron/Desktop/Vision-For-Robots_src/install/local_setup.sh'
[2.268s] INFO:colcon.colcon_core.shell:Creating prefix util module '/home/aaron/Desktop/Vision-For-Robots_src/install/_local_setup_util_sh.py'
[2.269s] INFO:colcon.colcon_core.shell:Creating prefix chain script '/home/aaron/Desktop/Vision-For-Robots_src/install/setup.sh'
[2.272s] INFO:colcon.colcon_core.shell:Creating prefix script '/home/aaron/Desktop/Vision-For-Robots_src/install/local_setup.bash'
[2.274s] INFO:colcon.colcon_core.shell:Creating prefix chain script '/home/aaron/Desktop/Vision-For-Robots_src/install/setup.bash'
[2.277s] INFO:colcon.colcon_core.shell:Creating prefix script '/home/aaron/Desktop/Vision-For-Robots_src/install/local_setup.zsh'
[2.278s] INFO:colcon.colcon_core.shell:Creating prefix chain script '/home/aaron/Desktop/Vision-For-Robots_src/install/setup.zsh'
